TN:
SF:karma.conf.js
FN:3,(anonymous_0)
FNF:1
FNH:0
FNDA:0,(anonymous_0)
DA:1,0
DA:3,0
DA:4,0
LF:3
LH:0
BRF:0
BRH:0
end_of_record
TN:
SF:webpack.mix.js
FNF:0
FNH:0
DA:1,0
DA:14,0
LF:2
LH:0
BRF:0
BRH:0
end_of_record
TN:
SF:resources/js/app.js
FNF:0
FNH:0
DA:1,0
DA:3,0
DA:8,0
DA:13,0
DA:14,0
DA:15,0
DA:19,0
DA:27,0
LF:8
LH:0
BRF:0
BRH:0
end_of_record
TN:
SF:resources/js/bootstrap.js
FNF:0
FNH:0
DA:1,0
DA:9,0
DA:10,0
DA:11,0
DA:13,0
DA:22,0
DA:24,0
LF:7
LH:0
BRF:0
BRH:0
end_of_record
TN:
SF:tests/js/setup.js
FNF:0
FNH:0
DA:1,0
DA:2,0
DA:4,0
DA:5,0
DA:6,0
LF:5
LH:0
BRF:0
BRH:0
end_of_record
TN:
SF:vendor/facade/ignition/postcss.config.js
FN:18,(anonymous_0)
FNF:1
FNH:0
FNDA:0,(anonymous_0)
DA:1,0
DA:3,0
DA:19,0
LF:3
LH:0
BRDA:8,0,0,0
BRDA:8,0,1,0
BRDA:19,1,0,0
BRDA:19,1,1,0
BRF:4
BRH:0
end_of_record
TN:
SF:vendor/facade/ignition/tailwind.config.js
FNF:0
FNH:0
DA:1,0
LF:1
LH:0
BRF:0
BRH:0
end_of_record
TN:
SF:vendor/facade/ignition/webpack.config.js
FNF:0
FNH:0
DA:1,0
DA:3,0
LF:2
LH:0
BRF:0
BRH:0
end_of_record
TN:
SF:vendor/facade/ignition/resources/compiled/ignition.js
FN:1,(anonymous_0)
FN:1,n
FN:1,(anonymous_2)
FN:1,(anonymous_3)
FN:1,(anonymous_4)
FN:1,(anonymous_5)
FN:1,(anonymous_6)
FN:1,(anonymous_7)
FN:1,(anonymous_8)
FN:1,(anonymous_9)
FN:1,(anonymous_10)
FN:1,r
FN:1,(anonymous_12)
FN:1,(anonymous_13)
FN:1,(anonymous_14)
FN:1,(anonymous_15)
FN:1,(anonymous_16)
FN:1,o
FN:1,i
FN:1,a
FN:1,h
FN:1,(anonymous_21)
FN:1,(anonymous_22)
FN:1,(anonymous_23)
FN:1,(anonymous_24)
FN:1,(anonymous_25)
FN:1,(anonymous_26)
FN:1,(anonymous_27)
FN:1,(anonymous_28)
FN:1,(anonymous_29)
FN:1,(anonymous_30)
FN:1,(anonymous_31)
FN:1,(anonymous_32)
FN:1,(anonymous_33)
FN:1,(anonymous_34)
FN:1,(anonymous_35)
FN:1,(anonymous_36)
FN:1,(anonymous_37)
FN:1,(anonymous_38)
FN:1,(anonymous_39)
FN:1,(anonymous_40)
FN:1,(anonymous_41)
FN:1,(anonymous_42)
FN:1,(anonymous_43)
FN:1,(anonymous_44)
FN:1,(anonymous_45)
FN:1,(anonymous_46)
FN:1,(anonymous_47)
FN:1,(anonymous_48)
FN:1,(anonymous_49)
FN:1,(anonymous_50)
FN:1,(anonymous_51)
FN:1,(anonymous_52)
FN:1,(anonymous_53)
FN:1,(anonymous_54)
FN:1,(anonymous_55)
FN:7,o
FN:7,i
FN:7,a
FN:7,s
FN:7,c
FN:7,l
FN:7,f
FN:7,p
FN:7,d
FN:7,h
FN:7,m
FN:7,g
FN:7,(anonymous_68)
FN:7,(anonymous_69)
FN:7,_
FN:7,E
FN:7,k
FN:7,(anonymous_73)
FN:7,(anonymous_74)
FN:7,(anonymous_75)
FN:7,(anonymous_76)
FN:7,(anonymous_77)
FN:7,(anonymous_78)
FN:7,(anonymous_79)
FN:7,n
FN:7,R
FN:7,O
FN:7,N
FN:7,L
FN:7,(anonymous_85)
FN:7,(anonymous_86)
FN:7,M
FN:7,(anonymous_88)
FN:7,(anonymous_89)
FN:7,P
FN:7,j
FN:7,(anonymous_92)
FN:7,q
FN:7,H
FN:7,(anonymous_95)
FN:7,(anonymous_96)
FN:7,ct
FN:7,(anonymous_98)
FN:7,t
FN:7,(anonymous_100)
FN:7,(anonymous_101)
FN:7,(anonymous_102)
FN:7,(anonymous_103)
FN:7,(anonymous_104)
FN:7,(anonymous_105)
FN:7,(anonymous_106)
FN:7,(anonymous_107)
FN:7,mt
FN:7,gt
FN:7,(anonymous_110)
FN:7,(anonymous_111)
FN:7,(anonymous_112)
FN:7,yt
FN:7,Et
FN:7,(anonymous_115)
FN:7,(anonymous_116)
FN:7,At
FN:7,(anonymous_118)
FN:7,(anonymous_119)
FN:7,(anonymous_120)
FN:7,St
FN:7,Rt
FN:7,(anonymous_123)
FN:7,t
FN:7,(anonymous_125)
FN:7,Ot
FN:7,Nt
FN:7,(anonymous_128)
FN:7,(anonymous_129)
FN:7,It
FN:7,Dt
FN:7,(anonymous_132)
FN:7,(anonymous_133)
FN:7,Mt
FN:7,(anonymous_135)
FN:7,Pt
FN:7,(anonymous_137)
FN:7,(anonymous_138)
FN:7,(anonymous_139)
FN:7,(anonymous_140)
FN:7,(anonymous_141)
FN:7,(anonymous_142)
FN:7,Ut
FN:7,(anonymous_144)
FN:7,(anonymous_145)
FN:7,(anonymous_146)
FN:7,s
FN:7,Ft
FN:7,$t
FN:7,(anonymous_150)
FN:7,Bt
FN:7,zt
FN:7,qt
FN:7,Ht
FN:7,Gt
FN:7,(anonymous_156)
FN:7,Vt
FN:7,Wt
FN:7,Jt
FN:7,(anonymous_160)
FN:7,(anonymous_161)
FN:7,(anonymous_162)
FN:7,(anonymous_163)
FN:7,re
FN:7,(anonymous_165)
FN:7,(anonymous_166)
FN:7,ie
FN:7,t
FN:7,(anonymous_169)
FN:7,se
FN:7,n
FN:7,ce
FN:7,ue
FN:7,c
FN:7,le
FN:7,fe
FN:7,t
FN:7,pe
FN:7,de
FN:7,he
FN:7,me
FN:7,ge
FN:7,ve
FN:7,(anonymous_184)
FN:7,be
FN:7,(anonymous_186)
FN:7,_e
FN:7,ye
FN:7,Ee
FN:7,ke
FN:7,xe
FN:7,we
FN:7,(anonymous_193)
FN:7,(anonymous_194)
FN:7,Ce
FN:7,Ae
FN:7,Te
FN:7,Se
FN:7,Re
FN:7,Oe
FN:7,Ne
FN:7,Le
FN:7,Ie
FN:7,De
FN:7,(anonymous_205)
FN:7,(anonymous_206)
FN:7,(anonymous_207)
FN:7,(anonymous_208)
FN:7,Me
FN:7,Pe
FN:7,(anonymous_211)
FN:7,(anonymous_212)
FN:7,(anonymous_213)
FN:7,(anonymous_214)
FN:7,(anonymous_215)
FN:7,(anonymous_216)
FN:7,t
FN:7,Fe
FN:7,(anonymous_219)
FN:7,(anonymous_220)
FN:7,(anonymous_221)
FN:7,(anonymous_222)
FN:7,(anonymous_223)
FN:7,(anonymous_224)
FN:7,(anonymous_225)
FN:7,(anonymous_226)
FN:7,(anonymous_227)
FN:7,(anonymous_228)
FN:7,(anonymous_229)
FN:7,(anonymous_230)
FN:7,$e
FN:7,(anonymous_232)
FN:7,qe
FN:7,(anonymous_234)
FN:7,(anonymous_235)
FN:7,t
FN:7,(anonymous_237)
FN:7,Ve
FN:7,We
FN:7,Ye
FN:7,Ke
FN:7,Xe
FN:7,Ze
FN:7,r
FN:7,Je
FN:7,tn
FN:7,(anonymous_247)
FN:7,en
FN:7,nn
FN:7,rn
FN:7,(anonymous_251)
FN:7,hn
FN:7,(anonymous_253)
FN:7,(anonymous_254)
FN:7,(anonymous_255)
FN:7,(anonymous_256)
FN:7,(anonymous_257)
FN:7,(anonymous_258)
FN:7,(anonymous_259)
FN:7,(anonymous_260)
FN:7,(anonymous_261)
FN:7,(anonymous_262)
FN:7,(anonymous_263)
FN:7,(anonymous_264)
FN:7,(anonymous_265)
FN:7,(anonymous_266)
FN:7,(anonymous_267)
FN:7,bn
FN:7,(anonymous_269)
FN:7,(anonymous_270)
FN:7,_n
FN:7,(anonymous_272)
FN:7,(anonymous_273)
FN:7,(anonymous_274)
FN:7,(anonymous_275)
FN:7,(anonymous_276)
FN:7,(anonymous_277)
FN:7,(anonymous_278)
FN:7,En
FN:7,kn
FN:7,(anonymous_281)
FN:7,xn
FN:7,(anonymous_283)
FN:7,wn
FN:7,An
FN:7,(anonymous_286)
FN:7,Tn
FN:7,Sn
FN:7,(anonymous_289)
FN:7,(anonymous_290)
FN:7,(anonymous_291)
FN:7,(anonymous_292)
FN:7,(anonymous_293)
FN:7,Rn
FN:7,On
FN:7,Nn
FN:7,Ln
FN:7,(anonymous_298)
FN:7,(anonymous_299)
FN:7,(anonymous_300)
FN:7,(anonymous_301)
FN:7,(anonymous_302)
FN:7,(anonymous_303)
FN:7,(anonymous_304)
FN:7,(anonymous_305)
FN:7,(anonymous_306)
FN:7,(anonymous_307)
FN:7,(anonymous_308)
FN:7,(anonymous_309)
FN:7,(anonymous_310)
FN:7,(anonymous_311)
FN:7,(anonymous_312)
FN:7,(anonymous_313)
FN:7,(anonymous_314)
FN:7,(anonymous_315)
FN:7,(anonymous_316)
FN:7,r
FN:7,(anonymous_318)
FN:7,(anonymous_319)
FN:7,(anonymous_320)
FN:7,(anonymous_321)
FN:7,(anonymous_322)
FN:7,(anonymous_323)
FN:7,(anonymous_324)
FN:7,(anonymous_325)
FN:7,(anonymous_326)
FN:7,(anonymous_327)
FN:7,(anonymous_328)
FN:7,(anonymous_329)
FN:7,(anonymous_330)
FN:7,(anonymous_331)
FN:7,(anonymous_332)
FN:7,(anonymous_333)
FN:7,(anonymous_334)
FN:7,(anonymous_335)
FN:7,(anonymous_336)
FN:7,(anonymous_337)
FN:7,(anonymous_338)
FN:7,(anonymous_339)
FN:7,(anonymous_340)
FN:7,(anonymous_341)
FN:7,(anonymous_342)
FN:7,(anonymous_343)
FN:7,(anonymous_344)
FN:7,(anonymous_345)
FN:7,(anonymous_346)
FN:7,(anonymous_347)
FN:7,(anonymous_348)
FN:7,(anonymous_349)
FN:7,(anonymous_350)
FN:7,(anonymous_351)
FN:7,Vn
FN:7,(anonymous_353)
FN:7,Wn
FN:7,Yn
FN:7,Kn
FN:7,(anonymous_357)
FN:7,(anonymous_358)
FN:7,(anonymous_359)
FN:7,tr
FN:7,rr
FN:7,(anonymous_362)
FN:7,(anonymous_363)
FN:7,(anonymous_364)
FN:7,(anonymous_365)
FN:7,(anonymous_366)
FN:7,(anonymous_367)
FN:7,(anonymous_368)
FN:7,(anonymous_369)
FN:7,(anonymous_370)
FN:7,(anonymous_371)
FN:7,(anonymous_372)
FN:7,(anonymous_373)
FN:7,(anonymous_374)
FN:7,(anonymous_375)
FN:7,(anonymous_376)
FN:7,ar
FN:7,ur
FN:7,(anonymous_379)
FN:7,lr
FN:7,(anonymous_381)
FN:7,pr
FN:7,(anonymous_383)
FN:7,(anonymous_384)
FN:7,(anonymous_385)
FN:7,hr
FN:7,mr
FN:7,gr
FN:7,br
FN:7,_r
FN:7,yr
FN:7,(anonymous_392)
FN:7,kr
FN:7,Nr
FN:7,g
FN:7,Lr
FN:7,Ir
FN:7,Dr
FN:7,(anonymous_399)
FN:7,(anonymous_400)
FN:7,Mr
FN:7,Pr
FN:7,jr
FN:7,Ur
FN:7,Fr
FN:7,$r
FN:7,Br
FN:7,zr
FN:7,qr
FN:7,Hr
FN:7,Gr
FN:7,Vr
FN:7,(anonymous_413)
FN:7,Wr
FN:7,Yr
FN:7,Kr
FN:7,Xr
FN:7,Zr
FN:7,eo
FN:7,o
FN:7,ro
FN:7,(anonymous_422)
FN:7,oo
FN:7,io
FN:7,(anonymous_425)
FN:7,co
FN:7,uo
FN:7,(anonymous_428)
FN:7,(anonymous_429)
FN:7,(anonymous_430)
FN:7,(anonymous_431)
FN:7,po
FN:7,ho
FN:7,(anonymous_434)
FN:7,(anonymous_435)
FN:7,Eo
FN:7,(anonymous_437)
FN:7,wo
FN:7,(anonymous_439)
FN:7,Co
FN:7,(anonymous_441)
FN:7,Ao
FN:7,(anonymous_443)
FN:7,(anonymous_444)
FN:7,Po
FN:7,(anonymous_446)
FN:7,jo
FN:7,Uo
FN:7,Fo
FN:7,(anonymous_450)
FN:7,(anonymous_451)
FN:7,(anonymous_452)
FN:7,Bo
FN:7,zo
FN:7,(anonymous_455)
FN:7,qo
FN:7,Ho
FN:7,(anonymous_458)
FN:7,(anonymous_459)
FN:7,(anonymous_460)
FN:7,Go
FN:7,(anonymous_462)
FN:7,x
FN:7,(anonymous_464)
FN:7,Vo
FN:7,Wo
FN:7,Yo
FN:7,(anonymous_468)
FN:7,l
FN:7,f
FN:7,(anonymous_471)
FN:7,(anonymous_472)
FN:7,p
FN:7,d
FN:7,h
FN:7,m
FN:7,v
FN:7,b
FN:7,_
FN:7,y
FN:7,E
FN:7,k
FN:7,(anonymous_483)
FN:7,n
FN:7,x
FN:7,w
FN:7,(anonymous_487)
FN:7,C
FN:7,T
FN:7,(anonymous_490)
FN:7,(anonymous_491)
FN:7,(anonymous_492)
FN:7,(anonymous_493)
FN:7,(anonymous_494)
FN:7,(anonymous_495)
FN:7,(anonymous_496)
FN:7,(anonymous_497)
FN:7,Zo
FN:7,(anonymous_499)
FN:7,Jo
FN:7,Qo
FN:7,(anonymous_502)
FN:7,ti
FN:7,ei
FN:7,ni
FN:7,ri
FN:7,oi
FN:7,(anonymous_508)
FN:7,(anonymous_509)
FN:7,(anonymous_510)
FN:7,(anonymous_511)
FN:7,(anonymous_512)
FN:7,(anonymous_513)
FN:7,si
FN:7,ci
FN:7,ui
FN:7,(anonymous_517)
FN:7,(anonymous_518)
FN:7,(anonymous_519)
FN:7,(anonymous_520)
FN:7,(anonymous_521)
FN:7,(anonymous_522)
FN:7,(anonymous_523)
FN:7,(anonymous_524)
FN:7,hi
FN:7,mi
FN:7,gi
FN:7,(anonymous_528)
FN:7,(anonymous_529)
FN:7,(anonymous_530)
FN:7,(anonymous_531)
FN:7,(anonymous_532)
FN:7,t
FN:7,(anonymous_534)
FN:7,(anonymous_535)
FN:7,(anonymous_536)
FN:7,(anonymous_537)
FN:7,(anonymous_538)
FN:7,(anonymous_539)
FN:7,(anonymous_540)
FN:7,(anonymous_541)
FN:7,(anonymous_542)
FN:7,(anonymous_543)
FN:7,(anonymous_544)
FN:7,(anonymous_545)
FN:7,(anonymous_546)
FN:7,(anonymous_547)
FN:7,(anonymous_548)
FN:7,Gi
FN:7,(anonymous_550)
FN:7,ha
FN:7,ma
FN:7,(anonymous_553)
FN:7,l
FN:7,(anonymous_555)
FN:7,(anonymous_556)
FN:7,f
FN:7,(anonymous_558)
FN:7,(anonymous_559)
FN:7,x
FN:7,w
FN:7,C
FN:7,A
FN:7,(anonymous_564)
FN:7,(anonymous_565)
FN:7,(anonymous_566)
FN:7,(anonymous_567)
FN:7,(anonymous_568)
FN:7,(anonymous_569)
FN:7,(anonymous_570)
FN:7,(anonymous_571)
FN:7,(anonymous_572)
FN:7,(anonymous_573)
FN:7,ga
FN:7,(anonymous_575)
FN:7,(anonymous_576)
FN:7,(anonymous_577)
FN:7,(anonymous_578)
FN:7,(anonymous_579)
FN:7,(anonymous_580)
FN:7,(anonymous_581)
FN:7,(anonymous_582)
FN:7,va
FN:7,(anonymous_584)
FN:7,ba
FN:7,_a
FN:7,ya
FN:7,(anonymous_588)
FN:7,Ea
FN:7,wa
FN:7,(anonymous_591)
FN:7,(anonymous_592)
FN:7,(anonymous_593)
FN:7,(anonymous_594)
FN:7,(anonymous_595)
FN:7,(anonymous_596)
FN:7,(anonymous_597)
FN:7,(anonymous_598)
FN:7,(anonymous_599)
FN:7,(anonymous_600)
FN:7,(anonymous_601)
FN:7,(anonymous_602)
FN:7,Oa
FN:7,t
FN:7,(anonymous_605)
FN:7,(anonymous_606)
FN:7,t
FN:7,(anonymous_608)
FN:7,Ua
FN:7,Fa
FN:7,(anonymous_611)
FN:7,(anonymous_612)
FN:7,(anonymous_613)
FN:7,(anonymous_614)
FN:7,$a
FN:7,(anonymous_616)
FN:7,(anonymous_617)
FN:7,(anonymous_618)
FN:7,(anonymous_619)
FN:7,(anonymous_620)
FN:7,(anonymous_621)
FN:7,qa
FN:7,Ha
FN:7,(anonymous_624)
FN:7,(anonymous_625)
FN:7,(anonymous_626)
FN:7,Ga
FN:7,Va
FN:7,Wa
FN:7,t
FN:7,a
FN:7,Ya
FN:7,Ka
FN:7,(anonymous_634)
FN:7,(anonymous_635)
FN:7,(anonymous_636)
FN:7,(anonymous_637)
FN:7,(anonymous_638)
FN:7,(anonymous_639)
FN:7,(anonymous_640)
FN:7,Xa
FN:7,Za
FN:7,Ja
FN:7,(anonymous_644)
FN:7,(anonymous_645)
FN:7,(anonymous_646)
FN:7,(anonymous_647)
FN:7,Qa
FN:7,ts
FN:7,(anonymous_650)
FN:7,(anonymous_651)
FN:7,es
FN:7,ns
FN:7,rs
FN:7,os
FN:7,(anonymous_656)
FN:7,(anonymous_657)
FN:7,(anonymous_658)
FN:7,(anonymous_659)
FN:7,e
FN:7,(anonymous_661)
FN:7,us
FN:7,(anonymous_663)
FN:7,(anonymous_664)
FN:7,(anonymous_665)
FN:7,(anonymous_666)
FN:7,(anonymous_667)
FN:7,(anonymous_668)
FN:7,(anonymous_669)
FN:7,(anonymous_670)
FN:7,(anonymous_671)
FN:7,(anonymous_672)
FN:7,(anonymous_673)
FN:7,(anonymous_674)
FN:7,(anonymous_675)
FN:7,(anonymous_676)
FN:7,(anonymous_677)
FN:7,(anonymous_678)
FN:7,(anonymous_679)
FN:7,(anonymous_680)
FN:7,(anonymous_681)
FN:7,(anonymous_682)
FN:7,(anonymous_683)
FN:7,(anonymous_684)
FN:7,(anonymous_685)
FN:7,(anonymous_686)
FN:7,(anonymous_687)
FN:7,(anonymous_688)
FN:7,(anonymous_689)
FN:7,(anonymous_690)
FN:7,n
FN:7,(anonymous_692)
FN:7,(anonymous_693)
FN:7,(anonymous_694)
FN:7,s
FN:7,c
FN:7,(anonymous_697)
FN:7,(anonymous_698)
FN:7,(anonymous_699)
FN:7,(anonymous_700)
FN:7,(anonymous_701)
FN:7,(anonymous_702)
FN:7,(anonymous_703)
FN:7,(anonymous_704)
FN:7,(anonymous_705)
FN:7,c
FN:7,(anonymous_707)
FN:7,t
FN:7,(anonymous_709)
FN:7,(anonymous_710)
FN:7,(anonymous_711)
FN:7,(anonymous_712)
FN:7,(anonymous_713)
FN:7,(anonymous_714)
FN:7,(anonymous_715)
FN:7,(anonymous_716)
FN:7,(anonymous_717)
FN:7,(anonymous_718)
FN:7,(anonymous_719)
FN:7,(anonymous_720)
FN:7,(anonymous_721)
FN:7,(anonymous_722)
FN:7,(anonymous_723)
FN:7,(anonymous_724)
FN:7,(anonymous_725)
FN:7,(anonymous_726)
FN:7,(anonymous_727)
FN:7,(anonymous_728)
FN:7,(anonymous_729)
FN:7,(anonymous_730)
FN:7,(anonymous_731)
FN:7,a
FN:7,(anonymous_733)
FN:7,t
FN:7,(anonymous_735)
FN:7,(anonymous_736)
FN:7,(anonymous_737)
FN:7,(anonymous_738)
FN:7,(anonymous_739)
FN:7,(anonymous_740)
FN:7,(anonymous_741)
FN:7,(anonymous_742)
FN:7,(anonymous_743)
FN:7,(anonymous_744)
FN:7,(anonymous_745)
FN:7,(anonymous_746)
FN:7,(anonymous_747)
FN:7,(anonymous_748)
FN:7,(anonymous_749)
FN:7,(anonymous_750)
FN:7,(anonymous_751)
FN:7,(anonymous_752)
FN:7,(anonymous_753)
FN:7,(anonymous_754)
FN:7,(anonymous_755)
FN:7,(anonymous_756)
FN:7,(anonymous_757)
FN:7,(anonymous_758)
FN:7,(anonymous_759)
FN:7,(anonymous_760)
FN:7,(anonymous_761)
FN:7,(anonymous_762)
FN:7,(anonymous_763)
FN:7,(anonymous_764)
FN:7,(anonymous_765)
FN:7,(anonymous_766)
FN:7,(anonymous_767)
FN:7,(anonymous_768)
FN:7,(anonymous_769)
FN:7,(anonymous_770)
FN:7,(anonymous_771)
FN:7,(anonymous_772)
FN:7,(anonymous_773)
FN:7,(anonymous_774)
FN:7,c
FN:7,(anonymous_776)
FN:7,(anonymous_777)
FN:7,(anonymous_778)
FN:7,(anonymous_779)
FN:7,(anonymous_780)
FN:7,(anonymous_781)
FN:7,(anonymous_782)
FN:7,(anonymous_783)
FN:7,(anonymous_784)
FN:7,n
FN:7,(anonymous_786)
FN:7,(anonymous_787)
FN:7,r
FN:7,(anonymous_789)
FN:7,(anonymous_790)
FN:7,(anonymous_791)
FN:7,(anonymous_792)
FN:7,(anonymous_793)
FN:7,(anonymous_794)
FN:7,(anonymous_795)
FN:7,r
FN:7,(anonymous_797)
FN:7,(anonymous_798)
FN:7,(anonymous_799)
FN:7,(anonymous_800)
FN:7,(anonymous_801)
FN:7,(anonymous_802)
FN:7,(anonymous_803)
FN:7,(anonymous_804)
FN:7,(anonymous_805)
FN:7,(anonymous_806)
FN:7,(anonymous_807)
FN:7,(anonymous_808)
FN:7,(anonymous_809)
FN:7,(anonymous_810)
FN:7,(anonymous_811)
FN:7,(anonymous_812)
FN:7,(anonymous_813)
FN:7,(anonymous_814)
FN:7,r
FN:7,(anonymous_816)
FN:7,(anonymous_817)
FN:7,(anonymous_818)
FN:7,(anonymous_819)
FN:7,(anonymous_820)
FN:7,(anonymous_821)
FN:7,(anonymous_822)
FN:7,(anonymous_823)
FN:7,(anonymous_824)
FN:7,(anonymous_825)
FN:7,(anonymous_826)
FN:7,(anonymous_827)
FN:7,(anonymous_828)
FN:7,(anonymous_829)
FN:7,(anonymous_830)
FN:7,(anonymous_831)
FN:7,(anonymous_832)
FN:7,(anonymous_833)
FN:7,(anonymous_834)
FN:7,(anonymous_835)
FN:7,(anonymous_836)
FN:7,(anonymous_837)
FN:7,c
FN:7,(anonymous_839)
FN:7,(anonymous_840)
FN:7,(anonymous_841)
FN:7,(anonymous_842)
FN:7,(anonymous_843)
FN:7,(anonymous_844)
FN:7,(anonymous_845)
FN:7,(anonymous_846)
FN:7,o
FN:7,(anonymous_848)
FN:7,(anonymous_849)
FN:17,(anonymous_850)
FN:17,(anonymous_851)
FN:17,(anonymous_852)
FN:25,(anonymous_853)
FN:25,(anonymous_854)
FN:25,Ge
FN:25,Ve
FN:25,We
FN:25,Ye
FN:25,Ke
FN:25,Xe
FN:25,Ze
FN:25,Je
FN:25,Qe
FN:25,tn
FN:25,en
FN:25,nn
FN:25,rn
FN:25,an
FN:25,(anonymous_869)
FN:25,sn
FN:25,cn
FN:25,(anonymous_872)
FN:25,un
FN:25,ln
FN:25,fn
FN:25,pn
FN:25,(anonymous_877)
FN:25,dn
FN:25,(anonymous_879)
FN:25,hn
FN:25,(anonymous_881)
FN:25,mn
FN:25,gn
FN:25,vn
FN:25,(anonymous_885)
FN:25,bn
FN:25,(anonymous_887)
FN:25,_n
FN:25,yn
FN:25,En
FN:25,wn
FN:25,Cn
FN:25,An
FN:25,(anonymous_894)
FN:25,Tn
FN:25,(anonymous_896)
FN:25,Sn
FN:25,Rn
FN:25,(anonymous_899)
FN:25,On
FN:25,(anonymous_901)
FN:25,Nn
FN:25,(anonymous_903)
FN:25,Ln
FN:25,(anonymous_905)
FN:25,(anonymous_906)
FN:25,t
FN:25,(anonymous_908)
FN:25,dr
FN:25,(anonymous_910)
FN:25,t
FN:25,(anonymous_912)
FN:25,mr
FN:25,gr
FN:25,vr
FN:25,br
FN:25,_r
FN:25,yr
FN:25,Er
FN:25,kr
FN:25,xr
FN:25,wr
FN:25,Cr
FN:25,Ar
FN:25,Tr
FN:25,Sr
FN:25,Rr
FN:25,Or
FN:25,(anonymous_929)
FN:25,Nr
FN:25,Lr
FN:25,Ir
FN:25,Dr
FN:25,Mr
FN:25,(anonymous_935)
FN:25,(anonymous_936)
FN:25,(anonymous_937)
FN:25,(anonymous_938)
FN:25,(anonymous_939)
FN:25,(anonymous_940)
FN:25,(anonymous_941)
FN:25,(anonymous_942)
FN:25,(anonymous_943)
FN:25,(anonymous_944)
FN:25,Pr
FN:25,jr
FN:25,(anonymous_947)
FN:25,Ur
FN:25,(anonymous_949)
FN:25,(anonymous_950)
FN:25,(anonymous_951)
FN:25,(anonymous_952)
FN:25,(anonymous_953)
FN:25,(anonymous_954)
FN:25,(anonymous_955)
FN:25,(anonymous_956)
FN:25,(anonymous_957)
FN:25,(anonymous_958)
FN:25,(anonymous_959)
FN:25,(anonymous_960)
FN:25,(anonymous_961)
FN:25,(anonymous_962)
FN:25,(anonymous_963)
FN:25,(anonymous_964)
FN:25,(anonymous_965)
FN:25,(anonymous_966)
FN:25,(anonymous_967)
FN:25,(anonymous_968)
FN:25,(anonymous_969)
FN:25,(anonymous_970)
FN:25,Br
FN:25,(anonymous_972)
FN:25,zr
FN:25,qr
FN:25,(anonymous_975)
FN:25,Hr
FN:25,Wr
FN:25,Yr
FN:25,Kr
FN:25,(anonymous_980)
FN:25,Xr
FN:25,Zr
FN:25,Jr
FN:25,(anonymous_984)
FN:25,(anonymous_985)
FN:25,Qr
FN:25,to
FN:25,eo
FN:25,no
FN:25,ro
FN:25,oo
FN:25,io
FN:25,(anonymous_993)
FN:25,(anonymous_994)
FN:25,(anonymous_995)
FN:25,ao
FN:25,so
FN:25,co
FN:25,uo
FN:25,lo
FN:25,(anonymous_1001)
FN:25,fo
FN:25,po
FN:25,(anonymous_1004)
FN:25,ho
FN:25,(anonymous_1006)
FN:25,mo
FN:25,(anonymous_1008)
FN:25,go
FN:25,(anonymous_1010)
FN:25,(anonymous_1011)
FN:25,vo
FN:25,bo
FN:25,(anonymous_1014)
FN:25,(anonymous_1015)
FN:25,(anonymous_1016)
FN:25,(anonymous_1017)
FN:25,(anonymous_1018)
FN:25,_o
FN:25,yo
FN:25,Eo
FN:25,ko
FN:25,xo
FN:25,wo
FN:25,Co
FN:25,Ao
FN:25,To
FN:25,(anonymous_1028)
FN:25,(anonymous_1029)
FN:25,Oo
FN:25,No
FN:25,Lo
FN:25,(anonymous_1033)
FN:25,Io
FN:25,Do
FN:25,Mo
FN:25,Po
FN:25,jo
FN:25,Uo
FN:25,Fo
FN:25,$o
FN:25,Bo
FN:25,zo
FN:25,(anonymous_1044)
FN:25,qo
FN:25,Ho
FN:25,Go
FN:25,Vo
FN:25,Wo
FN:25,Ko
FN:25,(anonymous_1051)
FN:25,Zo
FN:25,Jo
FN:25,Qo
FN:25,ti
FN:25,ei
FN:25,ni
FN:25,ri
FN:25,oi
FN:25,ii
FN:25,(anonymous_1061)
FN:25,ai
FN:25,(anonymous_1063)
FN:25,si
FN:25,(anonymous_1065)
FN:25,ci
FN:25,(anonymous_1067)
FN:25,ui
FN:25,(anonymous_1069)
FN:25,li
FN:25,(anonymous_1071)
FN:25,fi
FN:25,(anonymous_1073)
FN:25,pi
FN:25,(anonymous_1075)
FN:25,(anonymous_1076)
FN:25,di
FN:25,(anonymous_1078)
FN:25,(anonymous_1079)
FN:25,hi
FN:25,v
FN:25,(anonymous_1082)
FN:25,(anonymous_1083)
FN:25,mi
FN:25,(anonymous_1085)
FN:25,(anonymous_1086)
FN:25,(anonymous_1087)
FN:25,gi
FN:25,(anonymous_1089)
FN:25,vi
FN:25,(anonymous_1091)
FN:25,(anonymous_1092)
FN:25,(anonymous_1093)
FN:25,bi
FN:25,_i
FN:25,(anonymous_1096)
FN:25,(anonymous_1097)
FN:25,yi
FN:25,(anonymous_1099)
FN:25,Ei
FN:25,ki
FN:25,(anonymous_1102)
FN:25,(anonymous_1103)
FN:25,wi
FN:25,(anonymous_1105)
FN:25,(anonymous_1106)
FN:25,(anonymous_1107)
FN:25,Ci
FN:25,(anonymous_1109)
FN:25,(anonymous_1110)
FN:25,a
FN:25,(anonymous_1112)
FN:25,e
FN:25,(anonymous_1114)
FN:25,e
FN:25,Ai
FN:25,Ti
FN:25,Si
FN:25,Ri
FN:25,(anonymous_1120)
FN:25,Oi
FN:25,Ni
FN:25,Li
FN:25,(anonymous_1124)
FN:25,Di
FN:25,Mi
FN:25,Pi
FN:25,ji
FN:25,Ui
FN:25,Fi
FN:25,(anonymous_1131)
FN:25,(anonymous_1132)
FN:25,(anonymous_1133)
FN:25,(anonymous_1134)
FN:25,qi
FN:25,Hi
FN:25,Gi
FN:25,Vi
FN:25,Wi
FN:25,Yi
FN:25,Ki
FN:25,(anonymous_1142)
FN:25,Zi
FN:25,Ji
FN:25,Qi
FN:25,(anonymous_1146)
FN:25,ta
FN:25,(anonymous_1148)
FN:25,ea
FN:25,na
FN:25,(anonymous_1151)
FN:25,aa
FN:25,(anonymous_1153)
FN:25,(anonymous_1154)
FN:25,(anonymous_1155)
FN:25,(anonymous_1156)
FN:25,sa
FN:25,(anonymous_1158)
FN:25,ca
FN:25,(anonymous_1160)
FN:25,(anonymous_1161)
FN:25,(anonymous_1162)
FN:25,(anonymous_1163)
FN:25,la
FN:25,fa
FN:25,pa
FN:25,(anonymous_1167)
FN:25,(anonymous_1168)
FN:25,(anonymous_1169)
FN:25,ga
FN:25,va
FN:25,ba
FN:25,_a
FN:25,(anonymous_1174)
FN:25,(anonymous_1175)
FN:25,(anonymous_1176)
FN:25,xa
FN:25,Ca
FN:25,(anonymous_1179)
FN:25,(anonymous_1180)
FN:25,Ta
FN:25,(anonymous_1182)
FN:25,(anonymous_1183)
FN:25,(anonymous_1184)
FN:25,Na
FN:25,(anonymous_1186)
FN:25,(anonymous_1187)
FN:25,La
FN:25,(anonymous_1189)
FN:25,(anonymous_1190)
FN:25,(anonymous_1191)
FN:25,(anonymous_1192)
FN:25,(anonymous_1193)
FN:25,(anonymous_1194)
FN:25,Fa
FN:25,$a
FN:25,(anonymous_1197)
FN:25,(anonymous_1198)
FN:25,(anonymous_1199)
FN:25,(anonymous_1200)
FN:25,Ga
FN:25,Va
FN:25,(anonymous_1203)
FN:25,(anonymous_1204)
FN:25,(anonymous_1205)
FN:25,(anonymous_1206)
FN:25,Xa
FN:25,(anonymous_1208)
FN:25,(anonymous_1209)
FN:25,(anonymous_1210)
FN:25,(anonymous_1211)
FN:25,ts
FN:25,es
FN:25,(anonymous_1214)
FN:25,(anonymous_1215)
FN:25,(anonymous_1216)
FN:25,os
FN:25,m
FN:25,g
FN:25,v
FN:25,(anonymous_1221)
FN:25,b
FN:25,_
FN:25,(anonymous_1224)
FN:25,(anonymous_1225)
FN:25,(anonymous_1226)
FN:25,(anonymous_1227)
FN:25,(anonymous_1228)
FN:25,ss
FN:25,(anonymous_1230)
FN:25,cs
FN:25,(anonymous_1232)
FN:25,(anonymous_1233)
FN:25,(anonymous_1234)
FN:25,(anonymous_1235)
FN:25,(anonymous_1236)
FN:25,(anonymous_1237)
FN:25,ds
FN:25,(anonymous_1239)
FN:25,(anonymous_1240)
FN:25,(anonymous_1241)
FN:25,(anonymous_1242)
FN:25,_s
FN:25,ys
FN:25,(anonymous_1245)
FN:25,xs
FN:25,ws
FN:25,Cs
FN:25,As
FN:25,Ts
FN:25,Ss
FN:25,(anonymous_1252)
FN:25,Os
FN:25,Ns
FN:25,(anonymous_1255)
FN:25,(anonymous_1256)
FN:25,Ds
FN:25,Ms
FN:25,(anonymous_1259)
FN:25,(anonymous_1260)
FN:25,Fs
FN:25,(anonymous_1262)
FN:25,$s
FN:25,Bs
FN:25,zs
FN:25,qs
FN:25,Hs
FN:25,Gs
FN:25,(anonymous_1269)
FN:25,(anonymous_1270)
FN:25,(anonymous_1271)
FN:25,(anonymous_1272)
FN:25,(anonymous_1273)
FN:25,(anonymous_1274)
FN:25,Qs
FN:25,tc
FN:25,(anonymous_1277)
FN:25,(anonymous_1278)
FN:25,oc
FN:25,ic
FN:25,(anonymous_1281)
FN:25,(anonymous_1282)
FN:25,(anonymous_1283)
FN:25,(anonymous_1284)
FN:25,(anonymous_1285)
FN:25,(anonymous_1286)
FN:25,(anonymous_1287)
FN:25,lc
FN:25,(anonymous_1289)
FN:25,(anonymous_1290)
FN:25,dc
FN:25,(anonymous_1292)
FN:25,mc
FN:25,gc
FN:25,(anonymous_1295)
FN:25,(anonymous_1296)
FN:25,(anonymous_1297)
FN:25,(anonymous_1298)
FN:25,(anonymous_1299)
FN:25,wc
FN:25,(anonymous_1301)
FN:25,(anonymous_1302)
FN:25,(anonymous_1303)
FN:25,(anonymous_1304)
FN:25,(anonymous_1305)
FN:25,(anonymous_1306)
FN:25,Tc
FN:25,(anonymous_1308)
FN:25,Oc
FN:25,Nc
FN:25,(anonymous_1311)
FN:25,(anonymous_1312)
FN:25,(anonymous_1313)
FN:25,(anonymous_1314)
FN:25,Dc
FN:25,(anonymous_1316)
FN:25,(anonymous_1317)
FN:25,Mc
FN:25,Fc
FN:25,(anonymous_1320)
FN:25,(anonymous_1321)
FN:25,zc
FN:25,qc
FN:25,(anonymous_1324)
FN:25,(anonymous_1325)
FN:25,(anonymous_1326)
FN:25,(anonymous_1327)
FN:25,(anonymous_1328)
FN:25,(anonymous_1329)
FN:25,(anonymous_1330)
FN:25,(anonymous_1331)
FN:25,(anonymous_1332)
FN:25,(anonymous_1333)
FN:25,(anonymous_1334)
FN:25,(anonymous_1335)
FN:25,(anonymous_1336)
FN:25,(anonymous_1337)
FN:25,(anonymous_1338)
FN:25,(anonymous_1339)
FN:25,(anonymous_1340)
FN:25,t
FN:25,t
FN:25,(anonymous_1343)
FN:25,(anonymous_1344)
FN:25,(anonymous_1345)
FN:25,(anonymous_1346)
FN:25,(anonymous_1347)
FN:25,(anonymous_1348)
FN:25,(anonymous_1349)
FN:25,(anonymous_1350)
FN:25,(anonymous_1351)
FN:25,(anonymous_1352)
FN:25,(anonymous_1353)
FN:25,(anonymous_1354)
FN:25,(anonymous_1355)
FN:25,(anonymous_1356)
FN:25,(anonymous_1357)
FN:25,(anonymous_1358)
FN:25,(anonymous_1359)
FN:25,(anonymous_1360)
FN:25,(anonymous_1361)
FN:25,(anonymous_1362)
FN:25,(anonymous_1363)
FN:25,(anonymous_1364)
FN:25,(anonymous_1365)
FN:25,(anonymous_1366)
FN:25,(anonymous_1367)
FN:25,(anonymous_1368)
FN:25,(anonymous_1369)
FN:25,(anonymous_1370)
FN:25,(anonymous_1371)
FN:25,(anonymous_1372)
FN:25,(anonymous_1373)
FN:25,(anonymous_1374)
FN:25,(anonymous_1375)
FN:25,(anonymous_1376)
FN:25,(anonymous_1377)
FN:25,(anonymous_1378)
FN:25,(anonymous_1379)
FN:25,(anonymous_1380)
FN:25,(anonymous_1381)
FN:25,(anonymous_1382)
FN:25,(anonymous_1383)
FN:25,(anonymous_1384)
FN:25,(anonymous_1385)
FN:25,(anonymous_1386)
FN:25,(anonymous_1387)
FN:25,(anonymous_1388)
FN:25,(anonymous_1389)
FN:25,(anonymous_1390)
FN:25,(anonymous_1391)
FN:25,(anonymous_1392)
FN:25,(anonymous_1393)
FN:25,(anonymous_1394)
FN:25,(anonymous_1395)
FN:25,(anonymous_1396)
FN:25,(anonymous_1397)
FN:25,(anonymous_1398)
FN:25,(anonymous_1399)
FN:25,(anonymous_1400)
FN:25,(anonymous_1401)
FN:25,(anonymous_1402)
FN:25,(anonymous_1403)
FN:25,(anonymous_1404)
FN:25,(anonymous_1405)
FN:25,(anonymous_1406)
FN:25,(anonymous_1407)
FN:25,(anonymous_1408)
FN:25,(anonymous_1409)
FN:25,(anonymous_1410)
FN:25,(anonymous_1411)
FN:25,(anonymous_1412)
FN:25,(anonymous_1413)
FN:25,(anonymous_1414)
FN:25,(anonymous_1415)
FN:25,(anonymous_1416)
FN:25,(anonymous_1417)
FN:25,(anonymous_1418)
FN:25,(anonymous_1419)
FN:25,(anonymous_1420)
FN:25,(anonymous_1421)
FN:25,(anonymous_1422)
FN:25,(anonymous_1423)
FN:25,(anonymous_1424)
FN:25,(anonymous_1425)
FN:25,(anonymous_1426)
FN:25,(anonymous_1427)
FN:25,(anonymous_1428)
FN:25,(anonymous_1429)
FN:25,(anonymous_1430)
FN:25,(anonymous_1431)
FN:25,(anonymous_1432)
FN:25,(anonymous_1433)
FN:25,(anonymous_1434)
FN:25,(anonymous_1435)
FN:25,(anonymous_1436)
FN:25,(anonymous_1437)
FN:25,(anonymous_1438)
FN:25,(anonymous_1439)
FN:25,(anonymous_1440)
FN:25,(anonymous_1441)
FN:25,(anonymous_1442)
FN:25,(anonymous_1443)
FN:25,(anonymous_1444)
FN:25,(anonymous_1445)
FN:25,(anonymous_1446)
FN:25,(anonymous_1447)
FN:25,(anonymous_1448)
FN:25,(anonymous_1449)
FN:25,(anonymous_1450)
FN:25,(anonymous_1451)
FN:25,(anonymous_1452)
FN:25,(anonymous_1453)
FN:25,(anonymous_1454)
FN:25,(anonymous_1455)
FN:25,(anonymous_1456)
FN:25,(anonymous_1457)
FN:25,(anonymous_1458)
FN:25,(anonymous_1459)
FN:25,(anonymous_1460)
FN:25,(anonymous_1461)
FN:25,(anonymous_1462)
FN:25,(anonymous_1463)
FN:25,(anonymous_1464)
FN:25,(anonymous_1465)
FN:25,(anonymous_1466)
FN:25,(anonymous_1467)
FN:25,(anonymous_1468)
FN:25,(anonymous_1469)
FN:25,(anonymous_1470)
FN:25,(anonymous_1471)
FN:25,(anonymous_1472)
FN:25,(anonymous_1473)
FN:25,(anonymous_1474)
FN:25,(anonymous_1475)
FN:25,(anonymous_1476)
FN:25,(anonymous_1477)
FN:25,(anonymous_1478)
FN:25,(anonymous_1479)
FN:25,(anonymous_1480)
FN:25,(anonymous_1481)
FN:25,(anonymous_1482)
FN:25,(anonymous_1483)
FN:25,(anonymous_1484)
FN:25,(anonymous_1485)
FN:25,(anonymous_1486)
FN:25,(anonymous_1487)
FN:25,(anonymous_1488)
FN:25,(anonymous_1489)
FN:25,(anonymous_1490)
FN:25,(anonymous_1491)
FN:25,(anonymous_1492)
FN:25,(anonymous_1493)
FN:25,(anonymous_1494)
FN:25,(anonymous_1495)
FN:25,(anonymous_1496)
FN:25,(anonymous_1497)
FN:25,(anonymous_1498)
FN:25,(anonymous_1499)
FN:25,(anonymous_1500)
FN:25,(anonymous_1501)
FN:25,(anonymous_1502)
FN:25,(anonymous_1503)
FN:25,(anonymous_1504)
FN:25,(anonymous_1505)
FN:25,(anonymous_1506)
FN:25,(anonymous_1507)
FN:25,(anonymous_1508)
FN:25,(anonymous_1509)
FN:25,(anonymous_1510)
FN:25,(anonymous_1511)
FN:25,(anonymous_1512)
FN:25,(anonymous_1513)
FN:25,(anonymous_1514)
FN:25,(anonymous_1515)
FN:25,(anonymous_1516)
FN:25,(anonymous_1517)
FN:25,(anonymous_1518)
FN:25,(anonymous_1519)
FN:25,(anonymous_1520)
FN:25,(anonymous_1521)
FN:25,(anonymous_1522)
FN:25,(anonymous_1523)
FN:25,(anonymous_1524)
FN:25,(anonymous_1525)
FN:25,(anonymous_1526)
FN:25,(anonymous_1527)
FN:25,(anonymous_1528)
FN:25,(anonymous_1529)
FN:25,(anonymous_1530)
FN:25,(anonymous_1531)
FN:25,(anonymous_1532)
FN:25,(anonymous_1533)
FN:25,(anonymous_1534)
FN:25,(anonymous_1535)
FN:25,(anonymous_1536)
FN:25,f
FN:25,p
FN:25,d
FN:25,h
FN:25,m
FN:25,(anonymous_1542)
FN:25,g
FN:25,t
FN:25,v
FN:25,b
FN:25,e
FN:25,n
FN:25,o
FN:25,(anonymous_1550)
FN:25,(anonymous_1551)
FN:25,(anonymous_1552)
FN:25,(anonymous_1553)
FN:25,(anonymous_1554)
FN:25,(anonymous_1555)
FN:25,(anonymous_1556)
FN:25,(anonymous_1557)
FN:25,(anonymous_1558)
FN:25,(anonymous_1559)
FN:25,_
FN:25,i
FN:25,a
FN:25,s
FN:25,c
FN:25,(anonymous_1565)
FN:25,(anonymous_1566)
FN:25,p
FN:25,h
FN:25,(anonymous_1569)
FN:25,t
FN:25,(anonymous_1571)
FN:25,y
FN:25,(anonymous_1573)
FN:25,E
FN:25,(anonymous_1575)
FN:25,k
FN:25,(anonymous_1577)
FN:25,(anonymous_1578)
FN:25,s
FN:25,c
FN:25,(anonymous_1581)
FN:25,u
FN:25,l
FN:25,(anonymous_1584)
FN:25,x
FN:25,w
FN:25,C
FN:25,(anonymous_1588)
FN:25,(anonymous_1589)
FN:25,(anonymous_1590)
FN:25,(anonymous_1591)
FN:25,(anonymous_1592)
FN:25,(anonymous_1593)
FN:25,(anonymous_1594)
FN:25,(anonymous_1595)
FN:25,(anonymous_1596)
FN:25,(anonymous_1597)
FN:25,(anonymous_1598)
FN:25,(anonymous_1599)
FN:25,(anonymous_1600)
FN:25,(anonymous_1601)
FN:25,(anonymous_1602)
FN:25,(anonymous_1603)
FN:25,(anonymous_1604)
FN:25,(anonymous_1605)
FN:25,(anonymous_1606)
FN:25,(anonymous_1607)
FN:25,(anonymous_1608)
FN:25,(anonymous_1609)
FN:25,w
FN:25,C
FN:25,A
FN:25,T
FN:25,S
FN:25,(anonymous_1615)
FN:25,R
FN:25,O
FN:25,N
FN:25,L
FN:25,(anonymous_1620)
FN:25,(anonymous_1621)
FN:25,(anonymous_1622)
FN:25,(anonymous_1623)
FN:25,(anonymous_1624)
FN:25,(anonymous_1625)
FN:25,(anonymous_1626)
FN:25,(anonymous_1627)
FN:25,t
FN:25,(anonymous_1629)
FN:25,(anonymous_1630)
FN:25,(anonymous_1631)
FN:25,(anonymous_1632)
FN:25,(anonymous_1633)
FN:25,(anonymous_1634)
FN:25,(anonymous_1635)
FN:25,(anonymous_1636)
FN:25,t
FN:25,(anonymous_1638)
FN:25,(anonymous_1639)
FN:25,(anonymous_1640)
FN:25,(anonymous_1641)
FN:25,(anonymous_1642)
FN:25,(anonymous_1643)
FN:25,(anonymous_1644)
FN:25,(anonymous_1645)
FN:25,(anonymous_1646)
FN:25,(anonymous_1647)
FN:25,(anonymous_1648)
FN:25,(anonymous_1649)
FN:25,(anonymous_1650)
FN:25,(anonymous_1651)
FN:25,(anonymous_1652)
FN:25,(anonymous_1653)
FN:25,a
FN:25,(anonymous_1655)
FN:25,(anonymous_1656)
FN:25,(anonymous_1657)
FN:25,u
FN:25,(anonymous_1659)
FN:25,t
FN:25,(anonymous_1661)
FN:25,(anonymous_1662)
FN:25,(anonymous_1663)
FN:25,(anonymous_1664)
FN:25,(anonymous_1665)
FN:25,(anonymous_1666)
FN:25,(anonymous_1667)
FN:25,(anonymous_1668)
FN:25,(anonymous_1669)
FN:25,(anonymous_1670)
FN:25,(anonymous_1671)
FN:25,(anonymous_1672)
FN:25,(anonymous_1673)
FN:25,(anonymous_1674)
FN:25,(anonymous_1675)
FN:25,(anonymous_1676)
FN:25,(anonymous_1677)
FN:25,(anonymous_1678)
FN:25,(anonymous_1679)
FN:25,(anonymous_1680)
FN:25,s
FN:25,(anonymous_1682)
FN:25,(anonymous_1683)
FN:25,(anonymous_1684)
FN:25,(anonymous_1685)
FN:25,(anonymous_1686)
FN:25,(anonymous_1687)
FN:25,(anonymous_1688)
FN:25,(anonymous_1689)
FN:25,(anonymous_1690)
FN:25,(anonymous_1691)
FN:25,(anonymous_1692)
FN:25,(anonymous_1693)
FN:25,(anonymous_1694)
FN:25,(anonymous_1695)
FN:25,(anonymous_1696)
FN:25,(anonymous_1697)
FN:25,(anonymous_1698)
FN:25,(anonymous_1699)
FN:25,(anonymous_1700)
FN:25,(anonymous_1701)
FN:25,(anonymous_1702)
FN:25,(anonymous_1703)
FN:25,(anonymous_1704)
FN:25,(anonymous_1705)
FN:25,(anonymous_1706)
FN:25,d
FN:25,h
FN:25,m
FN:25,g
FN:25,v
FN:25,(anonymous_1712)
FN:25,b
FN:25,(anonymous_1714)
FN:25,_
FN:25,(anonymous_1716)
FN:25,(anonymous_1717)
FN:25,(anonymous_1718)
FN:25,(anonymous_1719)
FN:25,(anonymous_1720)
FN:25,(anonymous_1721)
FN:25,(anonymous_1722)
FN:25,(anonymous_1723)
FN:25,k
FN:25,x
FN:25,w
FN:25,(anonymous_1727)
FN:25,(anonymous_1728)
FN:25,(anonymous_1729)
FN:25,(anonymous_1730)
FN:25,(anonymous_1731)
FN:25,(anonymous_1732)
FN:25,(anonymous_1733)
FN:25,(anonymous_1734)
FN:25,a
FN:25,s
FN:25,c
FN:25,(anonymous_1738)
FN:25,u
FN:25,(anonymous_1740)
FN:25,(anonymous_1741)
FN:25,(anonymous_1742)
FN:25,(anonymous_1743)
FN:25,(anonymous_1744)
FN:25,y
FN:25,(anonymous_1746)
FN:25,E
FN:25,k
FN:25,(anonymous_1749)
FN:25,x
FN:25,(anonymous_1751)
FN:25,(anonymous_1752)
FN:25,(anonymous_1753)
FN:25,(anonymous_1754)
FN:25,(anonymous_1755)
FN:25,(anonymous_1756)
FN:25,(anonymous_1757)
FN:25,(anonymous_1758)
FN:25,(anonymous_1759)
FN:25,(anonymous_1760)
FN:25,(anonymous_1761)
FN:25,(anonymous_1762)
FN:25,(anonymous_1763)
FN:25,(anonymous_1764)
FN:25,(anonymous_1765)
FN:25,(anonymous_1766)
FN:25,(anonymous_1767)
FN:25,(anonymous_1768)
FN:25,(anonymous_1769)
FN:25,(anonymous_1770)
FN:25,(anonymous_1771)
FN:25,(anonymous_1772)
FN:25,c
FN:25,(anonymous_1774)
FN:25,(anonymous_1775)
FN:25,u
FN:25,m
FN:25,g
FN:25,v
FN:25,(anonymous_1780)
FN:25,k
FN:25,(anonymous_1782)
FN:25,(anonymous_1783)
FN:25,x
FN:25,(anonymous_1785)
FN:25,i
FN:25,(anonymous_1787)
FN:25,e
FN:25,(anonymous_1789)
FN:25,(anonymous_1790)
FN:25,(anonymous_1791)
FN:25,(anonymous_1792)
FN:25,w
FN:25,C
FN:25,A
FN:25,T
FN:25,S
FN:25,n
FN:25,R
FN:25,(anonymous_1800)
FN:25,(anonymous_1801)
FN:25,(anonymous_1802)
FN:25,(anonymous_1803)
FN:25,(anonymous_1804)
FN:25,(anonymous_1805)
FN:25,(anonymous_1806)
FN:25,(anonymous_1807)
FN:25,(anonymous_1808)
FN:25,n
FN:25,(anonymous_1810)
FN:25,(anonymous_1811)
FN:25,(anonymous_1812)
FN:25,o
FN:25,(anonymous_1814)
FN:25,(anonymous_1815)
FN:25,(anonymous_1816)
FN:25,(anonymous_1817)
FN:25,(anonymous_1818)
FN:25,(anonymous_1819)
FN:25,(anonymous_1820)
FN:25,m
FN:25,v
FN:25,b
FN:25,_
FN:25,(anonymous_1825)
FN:25,(anonymous_1826)
FN:25,(anonymous_1827)
FN:25,(anonymous_1828)
FN:25,(anonymous_1829)
FN:25,(anonymous_1830)
FN:25,(anonymous_1831)
FN:25,(anonymous_1832)
FN:25,(anonymous_1833)
FN:25,(anonymous_1834)
FN:25,(anonymous_1835)
FN:25,(anonymous_1836)
FN:25,(anonymous_1837)
FN:25,(anonymous_1838)
FN:25,(anonymous_1839)
FN:25,(anonymous_1840)
FN:25,o
FN:25,(anonymous_1842)
FN:25,(anonymous_1843)
FN:25,o
FN:25,(anonymous_1845)
FN:25,(anonymous_1846)
FN:25,(anonymous_1847)
FN:25,(anonymous_1848)
FN:25,(anonymous_1849)
FN:25,r
FN:25,(anonymous_1851)
FN:25,(anonymous_1852)
FN:25,(anonymous_1853)
FN:25,(anonymous_1854)
FN:25,(anonymous_1855)
FN:25,(anonymous_1856)
FN:25,(anonymous_1857)
FN:25,(anonymous_1858)
FN:25,(anonymous_1859)
FN:25,(anonymous_1860)
FN:25,(anonymous_1861)
FN:25,(anonymous_1862)
FN:25,(anonymous_1863)
FN:25,s
FN:25,(anonymous_1865)
FN:25,(anonymous_1866)
FN:25,(anonymous_1867)
FN:25,(anonymous_1868)
FN:25,(anonymous_1869)
FN:25,(anonymous_1870)
FN:25,(anonymous_1871)
FN:25,(anonymous_1872)
FN:25,(anonymous_1873)
FN:25,(anonymous_1874)
FN:25,(anonymous_1875)
FN:25,(anonymous_1876)
FN:25,(anonymous_1877)
FN:25,(anonymous_1878)
FN:25,(anonymous_1879)
FN:25,i
FN:25,(anonymous_1881)
FN:25,(anonymous_1882)
FN:25,(anonymous_1883)
FN:25,(anonymous_1884)
FN:25,(anonymous_1885)
FN:25,(anonymous_1886)
FN:25,(anonymous_1887)
FN:25,(anonymous_1888)
FN:25,o
FN:25,(anonymous_1890)
FN:25,(anonymous_1891)
FN:25,s
FN:25,c
FN:25,u
FN:25,(anonymous_1895)
FN:25,(anonymous_1896)
FN:25,u
FN:25,l
FN:25,(anonymous_1899)
FN:25,(anonymous_1900)
FN:25,o
FN:25,(anonymous_1902)
FN:25,i
FN:25,(anonymous_1904)
FN:25,(anonymous_1905)
FN:25,(anonymous_1906)
FN:25,o
FN:25,i
FN:25,(anonymous_1909)
FN:25,(anonymous_1910)
FN:25,(anonymous_1911)
FN:25,(anonymous_1912)
FN:25,(anonymous_1913)
FN:25,(anonymous_1914)
FN:25,(anonymous_1915)
FN:25,(anonymous_1916)
FN:25,(anonymous_1917)
FN:25,(anonymous_1918)
FN:25,o
FN:25,i
FN:25,(anonymous_1921)
FN:25,(anonymous_1922)
FN:25,(anonymous_1923)
FN:25,(anonymous_1924)
FN:25,(anonymous_1925)
FN:25,(anonymous_1926)
FN:25,(anonymous_1927)
FN:25,(anonymous_1928)
FN:25,(anonymous_1929)
FN:25,(anonymous_1930)
FN:25,(anonymous_1931)
FN:25,(anonymous_1932)
FN:25,(anonymous_1933)
FN:25,(anonymous_1934)
FN:25,i
FN:25,(anonymous_1936)
FN:25,(anonymous_1937)
FN:25,(anonymous_1938)
FN:25,(anonymous_1939)
FN:25,(anonymous_1940)
FN:25,(anonymous_1941)
FN:25,(anonymous_1942)
FN:25,(anonymous_1943)
FN:25,(anonymous_1944)
FN:25,a
FN:25,(anonymous_1946)
FN:25,(anonymous_1947)
FN:25,(anonymous_1948)
FN:25,(anonymous_1949)
FN:25,r
FN:25,(anonymous_1951)
FN:25,(anonymous_1952)
FN:25,(anonymous_1953)
FN:25,(anonymous_1954)
FN:25,(anonymous_1955)
FN:25,(anonymous_1956)
FN:25,(anonymous_1957)
FN:25,(anonymous_1958)
FN:25,(anonymous_1959)
FN:25,(anonymous_1960)
FN:25,(anonymous_1961)
FN:25,(anonymous_1962)
FN:25,(anonymous_1963)
FN:25,(anonymous_1964)
FN:25,(anonymous_1965)
FN:25,(anonymous_1966)
FN:25,(anonymous_1967)
FN:25,(anonymous_1968)
FN:25,(anonymous_1969)
FN:25,(anonymous_1970)
FN:25,(anonymous_1971)
FN:25,(anonymous_1972)
FN:25,(anonymous_1973)
FN:25,(anonymous_1974)
FN:25,s
FN:25,(anonymous_1976)
FN:25,(anonymous_1977)
FN:25,(anonymous_1978)
FN:25,(anonymous_1979)
FN:25,r
FN:25,(anonymous_1981)
FN:25,(anonymous_1982)
FN:25,o
FN:25,i
FN:25,a
FN:25,(anonymous_1986)
FN:25,(anonymous_1987)
FN:25,(anonymous_1988)
FN:25,f
FN:25,s
FN:25,l
FN:25,(anonymous_1992)
FN:25,(anonymous_1993)
FN:25,(anonymous_1994)
FN:25,(anonymous_1995)
FN:25,(anonymous_1996)
FN:25,(anonymous_1997)
FN:25,(anonymous_1998)
FN:25,(anonymous_1999)
FN:25,(anonymous_2000)
FN:25,(anonymous_2001)
FN:25,p
FN:25,d
FN:25,h
FN:25,(anonymous_2005)
FN:25,(anonymous_2006)
FN:25,(anonymous_2007)
FN:25,(anonymous_2008)
FN:25,(anonymous_2009)
FN:25,(anonymous_2010)
FN:25,(anonymous_2011)
FN:25,(anonymous_2012)
FN:25,(anonymous_2013)
FN:25,(anonymous_2014)
FN:25,(anonymous_2015)
FN:25,(anonymous_2016)
FN:25,(anonymous_2017)
FN:25,(anonymous_2018)
FN:25,(anonymous_2019)
FN:25,(anonymous_2020)
FN:25,(anonymous_2021)
FN:25,(anonymous_2022)
FN:25,i
FN:25,(anonymous_2024)
FN:25,(anonymous_2025)
FN:25,(anonymous_2026)
FN:25,(anonymous_2027)
FN:25,(anonymous_2028)
FN:25,(anonymous_2029)
FN:25,(anonymous_2030)
FN:25,(anonymous_2031)
FN:25,(anonymous_2032)
FN:25,(anonymous_2033)
FN:25,(anonymous_2034)
FN:25,(anonymous_2035)
FN:25,(anonymous_2036)
FN:25,(anonymous_2037)
FN:25,(anonymous_2038)
FN:25,(anonymous_2039)
FN:25,(anonymous_2040)
FN:25,(anonymous_2041)
FN:25,(anonymous_2042)
FN:25,(anonymous_2043)
FN:25,(anonymous_2044)
FN:25,(anonymous_2045)
FN:25,(anonymous_2046)
FN:25,(anonymous_2047)
FN:25,d
FN:25,h
FN:25,(anonymous_2050)
FN:25,(anonymous_2051)
FN:25,i
FN:25,a
FN:25,s
FN:25,(anonymous_2055)
FN:25,p
FN:25,d
FN:25,(anonymous_2058)
FN:25,h
FN:25,m
FN:25,(anonymous_2061)
FN:25,(anonymous_2062)
FN:25,(anonymous_2063)
FN:25,(anonymous_2064)
FN:25,(anonymous_2065)
FN:25,(anonymous_2066)
FN:25,(anonymous_2067)
FN:25,(anonymous_2068)
FN:25,(anonymous_2069)
FN:25,(anonymous_2070)
FN:25,(anonymous_2071)
FN:25,(anonymous_2072)
FN:25,(anonymous_2073)
FN:25,(anonymous_2074)
FN:25,(anonymous_2075)
FN:25,(anonymous_2076)
FN:25,(anonymous_2077)
FN:25,(anonymous_2078)
FN:25,(anonymous_2079)
FN:25,(anonymous_2080)
FN:25,(anonymous_2081)
FN:25,(anonymous_2082)
FN:25,(anonymous_2083)
FN:25,(anonymous_2084)
FN:25,(anonymous_2085)
FN:25,(anonymous_2086)
FN:25,(anonymous_2087)
FN:25,(anonymous_2088)
FN:25,r
FN:25,(anonymous_2090)
FN:25,(anonymous_2091)
FN:25,(anonymous_2092)
FN:25,(anonymous_2093)
FN:25,(anonymous_2094)
FN:25,(anonymous_2095)
FN:25,(anonymous_2096)
FN:25,(anonymous_2097)
FN:25,i
FN:25,(anonymous_2099)
FN:25,(anonymous_2100)
FN:25,(anonymous_2101)
FN:25,(anonymous_2102)
FN:25,(anonymous_2103)
FN:25,(anonymous_2104)
FN:25,(anonymous_2105)
FN:25,i
FN:25,(anonymous_2107)
FN:25,(anonymous_2108)
FN:25,(anonymous_2109)
FN:25,_
FN:25,(anonymous_2111)
FN:25,(anonymous_2112)
FN:25,(anonymous_2113)
FN:25,(anonymous_2114)
FN:25,(anonymous_2115)
FN:25,(anonymous_2116)
FN:25,(anonymous_2117)
FN:25,(anonymous_2118)
FN:25,(anonymous_2119)
FN:25,(anonymous_2120)
FN:25,(anonymous_2121)
FN:25,(anonymous_2122)
FN:25,(anonymous_2123)
FN:25,(anonymous_2124)
FN:25,(anonymous_2125)
FN:25,(anonymous_2126)
FN:25,(anonymous_2127)
FN:25,(anonymous_2128)
FN:25,(anonymous_2129)
FN:25,(anonymous_2130)
FN:25,(anonymous_2131)
FN:25,(anonymous_2132)
FN:25,(anonymous_2133)
FN:25,(anonymous_2134)
FN:25,(anonymous_2135)
FN:25,(anonymous_2136)
FN:25,(anonymous_2137)
FN:25,o
FN:25,i
FN:25,(anonymous_2140)
FN:25,(anonymous_2141)
FN:25,i
FN:25,(anonymous_2143)
FN:25,t
FN:25,(anonymous_2145)
FN:25,(anonymous_2146)
FN:25,(anonymous_2147)
FN:25,(anonymous_2148)
FN:25,(anonymous_2149)
FN:25,(anonymous_2150)
FN:25,(anonymous_2151)
FN:25,(anonymous_2152)
FN:25,(anonymous_2153)
FN:25,(anonymous_2154)
FN:25,(anonymous_2155)
FN:25,(anonymous_2156)
FN:25,(anonymous_2157)
FN:25,i
FN:25,(anonymous_2159)
FN:25,t
FN:25,(anonymous_2161)
FN:25,(anonymous_2162)
FN:25,(anonymous_2163)
FN:25,(anonymous_2164)
FN:25,(anonymous_2165)
FN:25,(anonymous_2166)
FN:25,(anonymous_2167)
FN:25,(anonymous_2168)
FN:25,(anonymous_2169)
FN:25,(anonymous_2170)
FN:25,(anonymous_2171)
FN:25,(anonymous_2172)
FN:25,(anonymous_2173)
FN:25,(anonymous_2174)
FN:25,(anonymous_2175)
FN:25,(anonymous_2176)
FN:25,(anonymous_2177)
FN:25,(anonymous_2178)
FN:25,(anonymous_2179)
FN:25,(anonymous_2180)
FN:25,(anonymous_2181)
FN:25,(anonymous_2182)
FN:25,t
FN:25,(anonymous_2184)
FN:25,(anonymous_2185)
FN:25,(anonymous_2186)
FN:25,(anonymous_2187)
FN:25,(anonymous_2188)
FN:25,(anonymous_2189)
FN:25,(anonymous_2190)
FN:25,(anonymous_2191)
FN:25,t
FN:25,(anonymous_2193)
FN:25,(anonymous_2194)
FN:25,(anonymous_2195)
FN:25,(anonymous_2196)
FN:25,(anonymous_2197)
FN:25,(anonymous_2198)
FN:25,(anonymous_2199)
FN:25,(anonymous_2200)
FN:25,(anonymous_2201)
FN:25,(anonymous_2202)
FN:25,(anonymous_2203)
FN:25,(anonymous_2204)
FN:25,(anonymous_2205)
FN:25,(anonymous_2206)
FN:25,(anonymous_2207)
FN:25,(anonymous_2208)
FN:25,(anonymous_2209)
FN:25,(anonymous_2210)
FN:25,(anonymous_2211)
FN:25,(anonymous_2212)
FN:25,(anonymous_2213)
FN:25,(anonymous_2214)
FN:25,(anonymous_2215)
FN:25,(anonymous_2216)
FN:25,(anonymous_2217)
FN:25,(anonymous_2218)
FN:25,(anonymous_2219)
FN:25,(anonymous_2220)
FN:25,(anonymous_2221)
FN:25,(anonymous_2222)
FN:25,(anonymous_2223)
FN:25,(anonymous_2224)
FN:25,(anonymous_2225)
FN:25,i
FN:25,(anonymous_2227)
FN:25,t
FN:25,(anonymous_2229)
FN:25,(anonymous_2230)
FN:25,(anonymous_2231)
FN:25,i
FN:25,(anonymous_2233)
FN:25,t
FN:25,(anonymous_2235)
FN:25,(anonymous_2236)
FN:25,(anonymous_2237)
FN:25,i
FN:25,(anonymous_2239)
FN:25,t
FN:25,(anonymous_2241)
FN:25,(anonymous_2242)
FN:25,(anonymous_2243)
FN:25,(anonymous_2244)
FN:25,(anonymous_2245)
FN:25,(anonymous_2246)
FN:25,(anonymous_2247)
FN:25,(anonymous_2248)
FN:25,(anonymous_2249)
FN:25,c
FN:25,(anonymous_2251)
FN:25,(anonymous_2252)
FN:25,(anonymous_2253)
FN:25,(anonymous_2254)
FN:25,(anonymous_2255)
FN:25,(anonymous_2256)
FN:25,(anonymous_2257)
FN:25,(anonymous_2258)
FN:25,(anonymous_2259)
FN:25,(anonymous_2260)
FN:25,(anonymous_2261)
FN:25,(anonymous_2262)
FN:25,(anonymous_2263)
FN:25,(anonymous_2264)
FN:25,(anonymous_2265)
FN:25,(anonymous_2266)
FN:25,(anonymous_2267)
FN:25,(anonymous_2268)
FN:25,(anonymous_2269)
FN:25,(anonymous_2270)
FN:25,(anonymous_2271)
FN:25,(anonymous_2272)
FN:25,(anonymous_2273)
FN:25,(anonymous_2274)
FN:25,(anonymous_2275)
FN:25,(anonymous_2276)
FN:25,(anonymous_2277)
FN:25,(anonymous_2278)
FN:25,(anonymous_2279)
FN:25,(anonymous_2280)
FN:25,(anonymous_2281)
FN:25,(anonymous_2282)
FN:25,(anonymous_2283)
FN:25,(anonymous_2284)
FN:25,(anonymous_2285)
FN:25,(anonymous_2286)
FN:25,(anonymous_2287)
FN:25,(anonymous_2288)
FN:25,(anonymous_2289)
FN:25,(anonymous_2290)
FN:25,(anonymous_2291)
FN:25,(anonymous_2292)
FN:25,(anonymous_2293)
FN:25,(anonymous_2294)
FN:25,(anonymous_2295)
FN:25,(anonymous_2296)
FN:25,(anonymous_2297)
FN:25,(anonymous_2298)
FN:25,(anonymous_2299)
FN:25,(anonymous_2300)
FN:25,(anonymous_2301)
FN:25,(anonymous_2302)
FN:25,(anonymous_2303)
FN:25,(anonymous_2304)
FN:25,(anonymous_2305)
FN:25,(anonymous_2306)
FN:25,(anonymous_2307)
FN:25,(anonymous_2308)
FN:25,(anonymous_2309)
FN:25,(anonymous_2310)
FN:25,(anonymous_2311)
FN:25,(anonymous_2312)
FN:25,(anonymous_2313)
FN:25,(anonymous_2314)
FN:25,(anonymous_2315)
FN:25,(anonymous_2316)
FN:25,(anonymous_2317)
FN:25,(anonymous_2318)
FN:25,(anonymous_2319)
FN:25,(anonymous_2320)
FN:25,(anonymous_2321)
FN:25,(anonymous_2322)
FN:25,(anonymous_2323)
FN:25,(anonymous_2324)
FN:25,(anonymous_2325)
FN:25,(anonymous_2326)
FN:25,(anonymous_2327)
FN:25,(anonymous_2328)
FN:25,(anonymous_2329)
FN:25,(anonymous_2330)
FN:25,(anonymous_2331)
FN:25,(anonymous_2332)
FN:25,(anonymous_2333)
FN:25,(anonymous_2334)
FN:25,(anonymous_2335)
FN:25,(anonymous_2336)
FN:25,(anonymous_2337)
FN:25,(anonymous_2338)
FN:25,(anonymous_2339)
FN:25,(anonymous_2340)
FN:25,(anonymous_2341)
FN:25,(anonymous_2342)
FN:25,(anonymous_2343)
FN:25,(anonymous_2344)
FN:25,(anonymous_2345)
FN:25,(anonymous_2346)
FN:25,(anonymous_2347)
FN:25,(anonymous_2348)
FN:25,(anonymous_2349)
FN:25,(anonymous_2350)
FN:25,(anonymous_2351)
FN:25,(anonymous_2352)
FN:25,(anonymous_2353)
FN:25,(anonymous_2354)
FN:25,(anonymous_2355)
FN:25,(anonymous_2356)
FN:25,(anonymous_2357)
FN:25,(anonymous_2358)
FN:25,(anonymous_2359)
FN:25,(anonymous_2360)
FN:25,(anonymous_2361)
FN:25,i
FN:25,(anonymous_2363)
FN:25,(anonymous_2364)
FN:25,(anonymous_2365)
FN:25,(anonymous_2366)
FN:25,(anonymous_2367)
FN:25,(anonymous_2368)
FN:25,(anonymous_2369)
FN:25,(anonymous_2370)
FN:25,(anonymous_2371)
FN:25,(anonymous_2372)
FN:25,(anonymous_2373)
FN:25,(anonymous_2374)
FN:25,(anonymous_2375)
FN:25,(anonymous_2376)
FN:25,(anonymous_2377)
FN:25,(anonymous_2378)
FN:25,(anonymous_2379)
FN:25,(anonymous_2380)
FN:25,(anonymous_2381)
FN:25,(anonymous_2382)
FN:25,(anonymous_2383)
FN:25,(anonymous_2384)
FN:25,(anonymous_2385)
FN:25,(anonymous_2386)
FN:25,(anonymous_2387)
FN:25,(anonymous_2388)
FN:25,(anonymous_2389)
FN:25,(anonymous_2390)
FN:25,(anonymous_2391)
FN:25,n
FN:32,(anonymous_2393)
FN:32,(anonymous_2394)
FN:32,(anonymous_2395)
FN:32,(anonymous_2396)
FN:32,(anonymous_2397)
FN:32,(anonymous_2398)
FN:32,(anonymous_2399)
FN:32,(anonymous_2400)
FN:32,(anonymous_2401)
FN:32,(anonymous_2402)
FN:32,(anonymous_2403)
FN:32,(anonymous_2404)
FN:32,(anonymous_2405)
FN:32,(anonymous_2406)
FN:32,(anonymous_2407)
FN:32,(anonymous_2408)
FN:32,t
FN:32,(anonymous_2410)
FN:32,(anonymous_2411)
FN:32,t
FN:32,(anonymous_2413)
FN:32,(anonymous_2414)
FN:32,(anonymous_2415)
FN:32,(anonymous_2416)
FN:32,(anonymous_2417)
FN:32,(anonymous_2418)
FN:32,(anonymous_2419)
FN:32,(anonymous_2420)
FN:32,(anonymous_2421)
FN:32,(anonymous_2422)
FN:32,(anonymous_2423)
FN:32,(anonymous_2424)
FN:32,(anonymous_2425)
FN:32,(anonymous_2426)
FN:32,(anonymous_2427)
FN:32,(anonymous_2428)
FN:32,(anonymous_2429)
FN:32,(anonymous_2430)
FN:32,(anonymous_2431)
FN:32,(anonymous_2432)
FN:32,(anonymous_2433)
FN:32,(anonymous_2434)
FN:32,(anonymous_2435)
FN:32,(anonymous_2436)
FN:32,(anonymous_2437)
FN:32,(anonymous_2438)
FN:32,(anonymous_2439)
FN:32,(anonymous_2440)
FN:32,(anonymous_2441)
FN:32,(anonymous_2442)
FN:32,(anonymous_2443)
FN:32,(anonymous_2444)
FN:32,(anonymous_2445)
FN:32,(anonymous_2446)
FN:32,(anonymous_2447)
FN:32,t
FN:32,(anonymous_2449)
FN:32,(anonymous_2450)
FN:32,(anonymous_2451)
FN:32,(anonymous_2452)
FN:32,(anonymous_2453)
FN:32,(anonymous_2454)
FN:32,(anonymous_2455)
FN:32,(anonymous_2456)
FN:32,(anonymous_2457)
FN:32,(anonymous_2458)
FN:32,(anonymous_2459)
FN:32,(anonymous_2460)
FN:32,(anonymous_2461)
FN:32,(anonymous_2462)
FN:32,(anonymous_2463)
FN:32,(anonymous_2464)
FN:32,(anonymous_2465)
FN:32,(anonymous_2466)
FN:32,(anonymous_2467)
FN:32,(anonymous_2468)
FN:32,(anonymous_2469)
FN:32,(anonymous_2470)
FN:32,(anonymous_2471)
FN:32,(anonymous_2472)
FN:32,(anonymous_2473)
FN:32,(anonymous_2474)
FN:32,$
FN:32,(anonymous_2476)
FN:32,B
FN:32,(anonymous_2478)
FN:32,(anonymous_2479)
FN:32,(anonymous_2480)
FN:32,t
FN:32,(anonymous_2482)
FN:32,(anonymous_2483)
FN:32,(anonymous_2484)
FN:32,(anonymous_2485)
FN:32,(anonymous_2486)
FN:32,(anonymous_2487)
FN:32,(anonymous_2488)
FN:32,(anonymous_2489)
FN:32,(anonymous_2490)
FN:32,(anonymous_2491)
FN:32,(anonymous_2492)
FN:32,(anonymous_2493)
FN:32,(anonymous_2494)
FN:32,(anonymous_2495)
FN:32,(anonymous_2496)
FN:32,(anonymous_2497)
FN:32,(anonymous_2498)
FN:32,(anonymous_2499)
FN:32,(anonymous_2500)
FN:32,(anonymous_2501)
FN:32,(anonymous_2502)
FN:32,(anonymous_2503)
FN:32,(anonymous_2504)
FN:32,(anonymous_2505)
FN:32,(anonymous_2506)
FN:32,(anonymous_2507)
FN:32,(anonymous_2508)
FN:32,(anonymous_2509)
FN:32,(anonymous_2510)
FN:32,(anonymous_2511)
FN:32,y
FN:32,(anonymous_2513)
FN:32,E
FN:32,(anonymous_2515)
FN:32,(anonymous_2516)
FN:32,(anonymous_2517)
FN:32,(anonymous_2518)
FN:32,k
FN:32,x
FN:32,(anonymous_2521)
FN:32,w
FN:32,(anonymous_2523)
FN:32,(anonymous_2524)
FN:32,C
FN:32,(anonymous_2526)
FN:32,(anonymous_2527)
FN:32,(anonymous_2528)
FN:32,(anonymous_2529)
FN:32,(anonymous_2530)
FN:32,(anonymous_2531)
FN:32,(anonymous_2532)
FN:32,(anonymous_2533)
FN:32,(anonymous_2534)
FN:32,(anonymous_2535)
FN:32,A
FN:32,(anonymous_2537)
FN:32,T
FN:32,(anonymous_2539)
FN:32,(anonymous_2540)
FN:32,R
FN:32,(anonymous_2542)
FN:32,(anonymous_2543)
FN:32,(anonymous_2544)
FN:32,(anonymous_2545)
FN:32,(anonymous_2546)
FN:32,(anonymous_2547)
FN:32,(anonymous_2548)
FN:32,(anonymous_2549)
FN:32,(anonymous_2550)
FN:32,(anonymous_2551)
FN:32,(anonymous_2552)
FN:32,(anonymous_2553)
FN:32,(anonymous_2554)
FN:32,(anonymous_2555)
FN:32,(anonymous_2556)
FN:32,(anonymous_2557)
FN:32,(anonymous_2558)
FN:32,(anonymous_2559)
FN:32,(anonymous_2560)
FN:32,(anonymous_2561)
FN:32,(anonymous_2562)
FN:32,(anonymous_2563)
FN:32,(anonymous_2564)
FN:32,(anonymous_2565)
FN:32,(anonymous_2566)
FN:32,(anonymous_2567)
FN:32,(anonymous_2568)
FN:32,(anonymous_2569)
FN:32,(anonymous_2570)
FN:32,(anonymous_2571)
FN:32,(anonymous_2572)
FN:32,(anonymous_2573)
FN:32,(anonymous_2574)
FN:32,(anonymous_2575)
FN:32,(anonymous_2576)
FN:32,(anonymous_2577)
FN:32,(anonymous_2578)
FN:32,t
FN:32,(anonymous_2580)
FN:32,(anonymous_2581)
FN:32,(anonymous_2582)
FN:32,(anonymous_2583)
FN:32,(anonymous_2584)
FN:32,(anonymous_2585)
FN:32,(anonymous_2586)
FN:32,(anonymous_2587)
FN:32,(anonymous_2588)
FN:32,(anonymous_2589)
FN:32,(anonymous_2590)
FN:32,(anonymous_2591)
FN:32,(anonymous_2592)
FN:32,(anonymous_2593)
FN:32,(anonymous_2594)
FN:32,(anonymous_2595)
FN:32,(anonymous_2596)
FN:32,(anonymous_2597)
FN:32,(anonymous_2598)
FN:32,(anonymous_2599)
FN:32,(anonymous_2600)
FN:32,(anonymous_2601)
FN:32,(anonymous_2602)
FN:32,(anonymous_2603)
FN:32,(anonymous_2604)
FN:32,(anonymous_2605)
FN:32,(anonymous_2606)
FN:32,(anonymous_2607)
FN:32,(anonymous_2608)
FN:32,(anonymous_2609)
FN:32,(anonymous_2610)
FN:32,(anonymous_2611)
FN:32,(anonymous_2612)
FN:32,(anonymous_2613)
FN:32,(anonymous_2614)
FN:32,(anonymous_2615)
FN:32,(anonymous_2616)
FN:32,(anonymous_2617)
FN:32,(anonymous_2618)
FN:32,(anonymous_2619)
FN:32,(anonymous_2620)
FN:32,d
FN:32,(anonymous_2622)
FN:32,(anonymous_2623)
FN:32,(anonymous_2624)
FN:32,(anonymous_2625)
FN:32,(anonymous_2626)
FN:32,(anonymous_2627)
FN:32,(anonymous_2628)
FN:32,(anonymous_2629)
FN:32,(anonymous_2630)
FN:32,(anonymous_2631)
FN:32,(anonymous_2632)
FN:32,(anonymous_2633)
FN:32,(anonymous_2634)
FN:32,(anonymous_2635)
FN:32,(anonymous_2636)
FN:32,(anonymous_2637)
FN:32,(anonymous_2638)
FN:32,(anonymous_2639)
FN:32,(anonymous_2640)
FN:32,(anonymous_2641)
FN:32,(anonymous_2642)
FN:32,(anonymous_2643)
FN:32,(anonymous_2644)
FN:32,(anonymous_2645)
FN:32,(anonymous_2646)
FN:32,(anonymous_2647)
FN:32,(anonymous_2648)
FN:32,(anonymous_2649)
FN:32,(anonymous_2650)
FN:32,(anonymous_2651)
FN:32,(anonymous_2652)
FN:32,(anonymous_2653)
FN:32,(anonymous_2654)
FN:32,(anonymous_2655)
FN:32,(anonymous_2656)
FN:32,(anonymous_2657)
FN:32,(anonymous_2658)
FN:32,(anonymous_2659)
FN:32,(anonymous_2660)
FN:32,(anonymous_2661)
FN:32,(anonymous_2662)
FN:32,(anonymous_2663)
FN:32,(anonymous_2664)
FN:32,(anonymous_2665)
FN:32,(anonymous_2666)
FN:32,(anonymous_2667)
FN:32,(anonymous_2668)
FN:32,(anonymous_2669)
FN:32,(anonymous_2670)
FN:32,(anonymous_2671)
FN:32,(anonymous_2672)
FN:32,(anonymous_2673)
FN:32,(anonymous_2674)
FN:32,(anonymous_2675)
FN:32,(anonymous_2676)
FNF:2677
FNH:0
FNDA:0,(anonymous_0)
FNDA:0,n
FNDA:0,(anonymous_2)
FNDA:0,(anonymous_3)
FNDA:0,(anonymous_4)
FNDA:0,(anonymous_5)
FNDA:0,(anonymous_6)
FNDA:0,(anonymous_7)
FNDA:0,(anonymous_8)
FNDA:0,(anonymous_9)
FNDA:0,(anonymous_10)
FNDA:0,r
FNDA:0,(anonymous_12)
FNDA:0,(anonymous_13)
FNDA:0,(anonymous_14)
FNDA:0,(anonymous_15)
FNDA:0,(anonymous_16)
FNDA:0,o
FNDA:0,i
FNDA:0,a
FNDA:0,h
FNDA:0,(anonymous_21)
FNDA:0,(anonymous_22)
FNDA:0,(anonymous_23)
FNDA:0,(anonymous_24)
FNDA:0,(anonymous_25)
FNDA:0,(anonymous_26)
FNDA:0,(anonymous_27)
FNDA:0,(anonymous_28)
FNDA:0,(anonymous_29)
FNDA:0,(anonymous_30)
FNDA:0,(anonymous_31)
FNDA:0,(anonymous_32)
FNDA:0,(anonymous_33)
FNDA:0,(anonymous_34)
FNDA:0,(anonymous_35)
FNDA:0,(anonymous_36)
FNDA:0,(anonymous_37)
FNDA:0,(anonymous_38)
FNDA:0,(anonymous_39)
FNDA:0,(anonymous_40)
FNDA:0,(anonymous_41)
FNDA:0,(anonymous_42)
FNDA:0,(anonymous_43)
FNDA:0,(anonymous_44)
FNDA:0,(anonymous_45)
FNDA:0,(anonymous_46)
FNDA:0,(anonymous_47)
FNDA:0,(anonymous_48)
FNDA:0,(anonymous_49)
FNDA:0,(anonymous_50)
FNDA:0,(anonymous_51)
FNDA:0,(anonymous_52)
FNDA:0,(anonymous_53)
FNDA:0,(anonymous_54)
FNDA:0,(anonymous_55)
FNDA:0,o
FNDA:0,i
FNDA:0,a
FNDA:0,s
FNDA:0,c
FNDA:0,l
FNDA:0,f
FNDA:0,p
FNDA:0,d
FNDA:0,h
FNDA:0,m
FNDA:0,g
FNDA:0,(anonymous_68)
FNDA:0,(anonymous_69)
FNDA:0,_
FNDA:0,E
FNDA:0,k
FNDA:0,(anonymous_73)
FNDA:0,(anonymous_74)
FNDA:0,(anonymous_75)
FNDA:0,(anonymous_76)
FNDA:0,(anonymous_77)
FNDA:0,(anonymous_78)
FNDA:0,(anonymous_79)
FNDA:0,n
FNDA:0,R
FNDA:0,O
FNDA:0,N
FNDA:0,L
FNDA:0,(anonymous_85)
FNDA:0,(anonymous_86)
FNDA:0,M
FNDA:0,(anonymous_88)
FNDA:0,(anonymous_89)
FNDA:0,P
FNDA:0,j
FNDA:0,(anonymous_92)
FNDA:0,q
FNDA:0,H
FNDA:0,(anonymous_95)
FNDA:0,(anonymous_96)
FNDA:0,ct
FNDA:0,(anonymous_98)
FNDA:0,t
FNDA:0,(anonymous_100)
FNDA:0,(anonymous_101)
FNDA:0,(anonymous_102)
FNDA:0,(anonymous_103)
FNDA:0,(anonymous_104)
FNDA:0,(anonymous_105)
FNDA:0,(anonymous_106)
FNDA:0,(anonymous_107)
FNDA:0,mt
FNDA:0,gt
FNDA:0,(anonymous_110)
FNDA:0,(anonymous_111)
FNDA:0,(anonymous_112)
FNDA:0,yt
FNDA:0,Et
FNDA:0,(anonymous_115)
FNDA:0,(anonymous_116)
FNDA:0,At
FNDA:0,(anonymous_118)
FNDA:0,(anonymous_119)
FNDA:0,(anonymous_120)
FNDA:0,St
FNDA:0,Rt
FNDA:0,(anonymous_123)
FNDA:0,t
FNDA:0,(anonymous_125)
FNDA:0,Ot
FNDA:0,Nt
FNDA:0,(anonymous_128)
FNDA:0,(anonymous_129)
FNDA:0,It
FNDA:0,Dt
FNDA:0,(anonymous_132)
FNDA:0,(anonymous_133)
FNDA:0,Mt
FNDA:0,(anonymous_135)
FNDA:0,Pt
FNDA:0,(anonymous_137)
FNDA:0,(anonymous_138)
FNDA:0,(anonymous_139)
FNDA:0,(anonymous_140)
FNDA:0,(anonymous_141)
FNDA:0,(anonymous_142)
FNDA:0,Ut
FNDA:0,(anonymous_144)
FNDA:0,(anonymous_145)
FNDA:0,(anonymous_146)
FNDA:0,s
FNDA:0,Ft
FNDA:0,$t
FNDA:0,(anonymous_150)
FNDA:0,Bt
FNDA:0,zt
FNDA:0,qt
FNDA:0,Ht
FNDA:0,Gt
FNDA:0,(anonymous_156)
FNDA:0,Vt
FNDA:0,Wt
FNDA:0,Jt
FNDA:0,(anonymous_160)
FNDA:0,(anonymous_161)
FNDA:0,(anonymous_162)
FNDA:0,(anonymous_163)
FNDA:0,re
FNDA:0,(anonymous_165)
FNDA:0,(anonymous_166)
FNDA:0,ie
FNDA:0,t
FNDA:0,(anonymous_169)
FNDA:0,se
FNDA:0,n
FNDA:0,ce
FNDA:0,ue
FNDA:0,c
FNDA:0,le
FNDA:0,fe
FNDA:0,t
FNDA:0,pe
FNDA:0,de
FNDA:0,he
FNDA:0,me
FNDA:0,ge
FNDA:0,ve
FNDA:0,(anonymous_184)
FNDA:0,be
FNDA:0,(anonymous_186)
FNDA:0,_e
FNDA:0,ye
FNDA:0,Ee
FNDA:0,ke
FNDA:0,xe
FNDA:0,we
FNDA:0,(anonymous_193)
FNDA:0,(anonymous_194)
FNDA:0,Ce
FNDA:0,Ae
FNDA:0,Te
FNDA:0,Se
FNDA:0,Re
FNDA:0,Oe
FNDA:0,Ne
FNDA:0,Le
FNDA:0,Ie
FNDA:0,De
FNDA:0,(anonymous_205)
FNDA:0,(anonymous_206)
FNDA:0,(anonymous_207)
FNDA:0,(anonymous_208)
FNDA:0,Me
FNDA:0,Pe
FNDA:0,(anonymous_211)
FNDA:0,(anonymous_212)
FNDA:0,(anonymous_213)
FNDA:0,(anonymous_214)
FNDA:0,(anonymous_215)
FNDA:0,(anonymous_216)
FNDA:0,t
FNDA:0,Fe
FNDA:0,(anonymous_219)
FNDA:0,(anonymous_220)
FNDA:0,(anonymous_221)
FNDA:0,(anonymous_222)
FNDA:0,(anonymous_223)
FNDA:0,(anonymous_224)
FNDA:0,(anonymous_225)
FNDA:0,(anonymous_226)
FNDA:0,(anonymous_227)
FNDA:0,(anonymous_228)
FNDA:0,(anonymous_229)
FNDA:0,(anonymous_230)
FNDA:0,$e
FNDA:0,(anonymous_232)
FNDA:0,qe
FNDA:0,(anonymous_234)
FNDA:0,(anonymous_235)
FNDA:0,t
FNDA:0,(anonymous_237)
FNDA:0,Ve
FNDA:0,We
FNDA:0,Ye
FNDA:0,Ke
FNDA:0,Xe
FNDA:0,Ze
FNDA:0,r
FNDA:0,Je
FNDA:0,tn
FNDA:0,(anonymous_247)
FNDA:0,en
FNDA:0,nn
FNDA:0,rn
FNDA:0,(anonymous_251)
FNDA:0,hn
FNDA:0,(anonymous_253)
FNDA:0,(anonymous_254)
FNDA:0,(anonymous_255)
FNDA:0,(anonymous_256)
FNDA:0,(anonymous_257)
FNDA:0,(anonymous_258)
FNDA:0,(anonymous_259)
FNDA:0,(anonymous_260)
FNDA:0,(anonymous_261)
FNDA:0,(anonymous_262)
FNDA:0,(anonymous_263)
FNDA:0,(anonymous_264)
FNDA:0,(anonymous_265)
FNDA:0,(anonymous_266)
FNDA:0,(anonymous_267)
FNDA:0,bn
FNDA:0,(anonymous_269)
FNDA:0,(anonymous_270)
FNDA:0,_n
FNDA:0,(anonymous_272)
FNDA:0,(anonymous_273)
FNDA:0,(anonymous_274)
FNDA:0,(anonymous_275)
FNDA:0,(anonymous_276)
FNDA:0,(anonymous_277)
FNDA:0,(anonymous_278)
FNDA:0,En
FNDA:0,kn
FNDA:0,(anonymous_281)
FNDA:0,xn
FNDA:0,(anonymous_283)
FNDA:0,wn
FNDA:0,An
FNDA:0,(anonymous_286)
FNDA:0,Tn
FNDA:0,Sn
FNDA:0,(anonymous_289)
FNDA:0,(anonymous_290)
FNDA:0,(anonymous_291)
FNDA:0,(anonymous_292)
FNDA:0,(anonymous_293)
FNDA:0,Rn
FNDA:0,On
FNDA:0,Nn
FNDA:0,Ln
FNDA:0,(anonymous_298)
FNDA:0,(anonymous_299)
FNDA:0,(anonymous_300)
FNDA:0,(anonymous_301)
FNDA:0,(anonymous_302)
FNDA:0,(anonymous_303)
FNDA:0,(anonymous_304)
FNDA:0,(anonymous_305)
FNDA:0,(anonymous_306)
FNDA:0,(anonymous_307)
FNDA:0,(anonymous_308)
FNDA:0,(anonymous_309)
FNDA:0,(anonymous_310)
FNDA:0,(anonymous_311)
FNDA:0,(anonymous_312)
FNDA:0,(anonymous_313)
FNDA:0,(anonymous_314)
FNDA:0,(anonymous_315)
FNDA:0,(anonymous_316)
FNDA:0,r
FNDA:0,(anonymous_318)
FNDA:0,(anonymous_319)
FNDA:0,(anonymous_320)
FNDA:0,(anonymous_321)
FNDA:0,(anonymous_322)
FNDA:0,(anonymous_323)
FNDA:0,(anonymous_324)
FNDA:0,(anonymous_325)
FNDA:0,(anonymous_326)
FNDA:0,(anonymous_327)
FNDA:0,(anonymous_328)
FNDA:0,(anonymous_329)
FNDA:0,(anonymous_330)
FNDA:0,(anonymous_331)
FNDA:0,(anonymous_332)
FNDA:0,(anonymous_333)
FNDA:0,(anonymous_334)
FNDA:0,(anonymous_335)
FNDA:0,(anonymous_336)
FNDA:0,(anonymous_337)
FNDA:0,(anonymous_338)
FNDA:0,(anonymous_339)
FNDA:0,(anonymous_340)
FNDA:0,(anonymous_341)
FNDA:0,(anonymous_342)
FNDA:0,(anonymous_343)
FNDA:0,(anonymous_344)
FNDA:0,(anonymous_345)
FNDA:0,(anonymous_346)
FNDA:0,(anonymous_347)
FNDA:0,(anonymous_348)
FNDA:0,(anonymous_349)
FNDA:0,(anonymous_350)
FNDA:0,(anonymous_351)
FNDA:0,Vn
FNDA:0,(anonymous_353)
FNDA:0,Wn
FNDA:0,Yn
FNDA:0,Kn
FNDA:0,(anonymous_357)
FNDA:0,(anonymous_358)
FNDA:0,(anonymous_359)
FNDA:0,tr
FNDA:0,rr
FNDA:0,(anonymous_362)
FNDA:0,(anonymous_363)
FNDA:0,(anonymous_364)
FNDA:0,(anonymous_365)
FNDA:0,(anonymous_366)
FNDA:0,(anonymous_367)
FNDA:0,(anonymous_368)
FNDA:0,(anonymous_369)
FNDA:0,(anonymous_370)
FNDA:0,(anonymous_371)
FNDA:0,(anonymous_372)
FNDA:0,(anonymous_373)
FNDA:0,(anonymous_374)
FNDA:0,(anonymous_375)
FNDA:0,(anonymous_376)
FNDA:0,ar
FNDA:0,ur
FNDA:0,(anonymous_379)
FNDA:0,lr
FNDA:0,(anonymous_381)
FNDA:0,pr
FNDA:0,(anonymous_383)
FNDA:0,(anonymous_384)
FNDA:0,(anonymous_385)
FNDA:0,hr
FNDA:0,mr
FNDA:0,gr
FNDA:0,br
FNDA:0,_r
FNDA:0,yr
FNDA:0,(anonymous_392)
FNDA:0,kr
FNDA:0,Nr
FNDA:0,g
FNDA:0,Lr
FNDA:0,Ir
FNDA:0,Dr
FNDA:0,(anonymous_399)
FNDA:0,(anonymous_400)
FNDA:0,Mr
FNDA:0,Pr
FNDA:0,jr
FNDA:0,Ur
FNDA:0,Fr
FNDA:0,$r
FNDA:0,Br
FNDA:0,zr
FNDA:0,qr
FNDA:0,Hr
FNDA:0,Gr
FNDA:0,Vr
FNDA:0,(anonymous_413)
FNDA:0,Wr
FNDA:0,Yr
FNDA:0,Kr
FNDA:0,Xr
FNDA:0,Zr
FNDA:0,eo
FNDA:0,o
FNDA:0,ro
FNDA:0,(anonymous_422)
FNDA:0,oo
FNDA:0,io
FNDA:0,(anonymous_425)
FNDA:0,co
FNDA:0,uo
FNDA:0,(anonymous_428)
FNDA:0,(anonymous_429)
FNDA:0,(anonymous_430)
FNDA:0,(anonymous_431)
FNDA:0,po
FNDA:0,ho
FNDA:0,(anonymous_434)
FNDA:0,(anonymous_435)
FNDA:0,Eo
FNDA:0,(anonymous_437)
FNDA:0,wo
FNDA:0,(anonymous_439)
FNDA:0,Co
FNDA:0,(anonymous_441)
FNDA:0,Ao
FNDA:0,(anonymous_443)
FNDA:0,(anonymous_444)
FNDA:0,Po
FNDA:0,(anonymous_446)
FNDA:0,jo
FNDA:0,Uo
FNDA:0,Fo
FNDA:0,(anonymous_450)
FNDA:0,(anonymous_451)
FNDA:0,(anonymous_452)
FNDA:0,Bo
FNDA:0,zo
FNDA:0,(anonymous_455)
FNDA:0,qo
FNDA:0,Ho
FNDA:0,(anonymous_458)
FNDA:0,(anonymous_459)
FNDA:0,(anonymous_460)
FNDA:0,Go
FNDA:0,(anonymous_462)
FNDA:0,x
FNDA:0,(anonymous_464)
FNDA:0,Vo
FNDA:0,Wo
FNDA:0,Yo
FNDA:0,(anonymous_468)
FNDA:0,l
FNDA:0,f
FNDA:0,(anonymous_471)
FNDA:0,(anonymous_472)
FNDA:0,p
FNDA:0,d
FNDA:0,h
FNDA:0,m
FNDA:0,v
FNDA:0,b
FNDA:0,_
FNDA:0,y
FNDA:0,E
FNDA:0,k
FNDA:0,(anonymous_483)
FNDA:0,n
FNDA:0,x
FNDA:0,w
FNDA:0,(anonymous_487)
FNDA:0,C
FNDA:0,T
FNDA:0,(anonymous_490)
FNDA:0,(anonymous_491)
FNDA:0,(anonymous_492)
FNDA:0,(anonymous_493)
FNDA:0,(anonymous_494)
FNDA:0,(anonymous_495)
FNDA:0,(anonymous_496)
FNDA:0,(anonymous_497)
FNDA:0,Zo
FNDA:0,(anonymous_499)
FNDA:0,Jo
FNDA:0,Qo
FNDA:0,(anonymous_502)
FNDA:0,ti
FNDA:0,ei
FNDA:0,ni
FNDA:0,ri
FNDA:0,oi
FNDA:0,(anonymous_508)
FNDA:0,(anonymous_509)
FNDA:0,(anonymous_510)
FNDA:0,(anonymous_511)
FNDA:0,(anonymous_512)
FNDA:0,(anonymous_513)
FNDA:0,si
FNDA:0,ci
FNDA:0,ui
FNDA:0,(anonymous_517)
FNDA:0,(anonymous_518)
FNDA:0,(anonymous_519)
FNDA:0,(anonymous_520)
FNDA:0,(anonymous_521)
FNDA:0,(anonymous_522)
FNDA:0,(anonymous_523)
FNDA:0,(anonymous_524)
FNDA:0,hi
FNDA:0,mi
FNDA:0,gi
FNDA:0,(anonymous_528)
FNDA:0,(anonymous_529)
FNDA:0,(anonymous_530)
FNDA:0,(anonymous_531)
FNDA:0,(anonymous_532)
FNDA:0,t
FNDA:0,(anonymous_534)
FNDA:0,(anonymous_535)
FNDA:0,(anonymous_536)
FNDA:0,(anonymous_537)
FNDA:0,(anonymous_538)
FNDA:0,(anonymous_539)
FNDA:0,(anonymous_540)
FNDA:0,(anonymous_541)
FNDA:0,(anonymous_542)
FNDA:0,(anonymous_543)
FNDA:0,(anonymous_544)
FNDA:0,(anonymous_545)
FNDA:0,(anonymous_546)
FNDA:0,(anonymous_547)
FNDA:0,(anonymous_548)
FNDA:0,Gi
FNDA:0,(anonymous_550)
FNDA:0,ha
FNDA:0,ma
FNDA:0,(anonymous_553)
FNDA:0,l
FNDA:0,(anonymous_555)
FNDA:0,(anonymous_556)
FNDA:0,f
FNDA:0,(anonymous_558)
FNDA:0,(anonymous_559)
FNDA:0,x
FNDA:0,w
FNDA:0,C
FNDA:0,A
FNDA:0,(anonymous_564)
FNDA:0,(anonymous_565)
FNDA:0,(anonymous_566)
FNDA:0,(anonymous_567)
FNDA:0,(anonymous_568)
FNDA:0,(anonymous_569)
FNDA:0,(anonymous_570)
FNDA:0,(anonymous_571)
FNDA:0,(anonymous_572)
FNDA:0,(anonymous_573)
FNDA:0,ga
FNDA:0,(anonymous_575)
FNDA:0,(anonymous_576)
FNDA:0,(anonymous_577)
FNDA:0,(anonymous_578)
FNDA:0,(anonymous_579)
FNDA:0,(anonymous_580)
FNDA:0,(anonymous_581)
FNDA:0,(anonymous_582)
FNDA:0,va
FNDA:0,(anonymous_584)
FNDA:0,ba
FNDA:0,_a
FNDA:0,ya
FNDA:0,(anonymous_588)
FNDA:0,Ea
FNDA:0,wa
FNDA:0,(anonymous_591)
FNDA:0,(anonymous_592)
FNDA:0,(anonymous_593)
FNDA:0,(anonymous_594)
FNDA:0,(anonymous_595)
FNDA:0,(anonymous_596)
FNDA:0,(anonymous_597)
FNDA:0,(anonymous_598)
FNDA:0,(anonymous_599)
FNDA:0,(anonymous_600)
FNDA:0,(anonymous_601)
FNDA:0,(anonymous_602)
FNDA:0,Oa
FNDA:0,t
FNDA:0,(anonymous_605)
FNDA:0,(anonymous_606)
FNDA:0,t
FNDA:0,(anonymous_608)
FNDA:0,Ua
FNDA:0,Fa
FNDA:0,(anonymous_611)
FNDA:0,(anonymous_612)
FNDA:0,(anonymous_613)
FNDA:0,(anonymous_614)
FNDA:0,$a
FNDA:0,(anonymous_616)
FNDA:0,(anonymous_617)
FNDA:0,(anonymous_618)
FNDA:0,(anonymous_619)
FNDA:0,(anonymous_620)
FNDA:0,(anonymous_621)
FNDA:0,qa
FNDA:0,Ha
FNDA:0,(anonymous_624)
FNDA:0,(anonymous_625)
FNDA:0,(anonymous_626)
FNDA:0,Ga
FNDA:0,Va
FNDA:0,Wa
FNDA:0,t
FNDA:0,a
FNDA:0,Ya
FNDA:0,Ka
FNDA:0,(anonymous_634)
FNDA:0,(anonymous_635)
FNDA:0,(anonymous_636)
FNDA:0,(anonymous_637)
FNDA:0,(anonymous_638)
FNDA:0,(anonymous_639)
FNDA:0,(anonymous_640)
FNDA:0,Xa
FNDA:0,Za
FNDA:0,Ja
FNDA:0,(anonymous_644)
FNDA:0,(anonymous_645)
FNDA:0,(anonymous_646)
FNDA:0,(anonymous_647)
FNDA:0,Qa
FNDA:0,ts
FNDA:0,(anonymous_650)
FNDA:0,(anonymous_651)
FNDA:0,es
FNDA:0,ns
FNDA:0,rs
FNDA:0,os
FNDA:0,(anonymous_656)
FNDA:0,(anonymous_657)
FNDA:0,(anonymous_658)
FNDA:0,(anonymous_659)
FNDA:0,e
FNDA:0,(anonymous_661)
FNDA:0,us
FNDA:0,(anonymous_663)
FNDA:0,(anonymous_664)
FNDA:0,(anonymous_665)
FNDA:0,(anonymous_666)
FNDA:0,(anonymous_667)
FNDA:0,(anonymous_668)
FNDA:0,(anonymous_669)
FNDA:0,(anonymous_670)
FNDA:0,(anonymous_671)
FNDA:0,(anonymous_672)
FNDA:0,(anonymous_673)
FNDA:0,(anonymous_674)
FNDA:0,(anonymous_675)
FNDA:0,(anonymous_676)
FNDA:0,(anonymous_677)
FNDA:0,(anonymous_678)
FNDA:0,(anonymous_679)
FNDA:0,(anonymous_680)
FNDA:0,(anonymous_681)
FNDA:0,(anonymous_682)
FNDA:0,(anonymous_683)
FNDA:0,(anonymous_684)
FNDA:0,(anonymous_685)
FNDA:0,(anonymous_686)
FNDA:0,(anonymous_687)
FNDA:0,(anonymous_688)
FNDA:0,(anonymous_689)
FNDA:0,(anonymous_690)
FNDA:0,n
FNDA:0,(anonymous_692)
FNDA:0,(anonymous_693)
FNDA:0,(anonymous_694)
FNDA:0,s
FNDA:0,c
FNDA:0,(anonymous_697)
FNDA:0,(anonymous_698)
FNDA:0,(anonymous_699)
FNDA:0,(anonymous_700)
FNDA:0,(anonymous_701)
FNDA:0,(anonymous_702)
FNDA:0,(anonymous_703)
FNDA:0,(anonymous_704)
FNDA:0,(anonymous_705)
FNDA:0,c
FNDA:0,(anonymous_707)
FNDA:0,t
FNDA:0,(anonymous_709)
FNDA:0,(anonymous_710)
FNDA:0,(anonymous_711)
FNDA:0,(anonymous_712)
FNDA:0,(anonymous_713)
FNDA:0,(anonymous_714)
FNDA:0,(anonymous_715)
FNDA:0,(anonymous_716)
FNDA:0,(anonymous_717)
FNDA:0,(anonymous_718)
FNDA:0,(anonymous_719)
FNDA:0,(anonymous_720)
FNDA:0,(anonymous_721)
FNDA:0,(anonymous_722)
FNDA:0,(anonymous_723)
FNDA:0,(anonymous_724)
FNDA:0,(anonymous_725)
FNDA:0,(anonymous_726)
FNDA:0,(anonymous_727)
FNDA:0,(anonymous_728)
FNDA:0,(anonymous_729)
FNDA:0,(anonymous_730)
FNDA:0,(anonymous_731)
FNDA:0,a
FNDA:0,(anonymous_733)
FNDA:0,t
FNDA:0,(anonymous_735)
FNDA:0,(anonymous_736)
FNDA:0,(anonymous_737)
FNDA:0,(anonymous_738)
FNDA:0,(anonymous_739)
FNDA:0,(anonymous_740)
FNDA:0,(anonymous_741)
FNDA:0,(anonymous_742)
FNDA:0,(anonymous_743)
FNDA:0,(anonymous_744)
FNDA:0,(anonymous_745)
FNDA:0,(anonymous_746)
FNDA:0,(anonymous_747)
FNDA:0,(anonymous_748)
FNDA:0,(anonymous_749)
FNDA:0,(anonymous_750)
FNDA:0,(anonymous_751)
FNDA:0,(anonymous_752)
FNDA:0,(anonymous_753)
FNDA:0,(anonymous_754)
FNDA:0,(anonymous_755)
FNDA:0,(anonymous_756)
FNDA:0,(anonymous_757)
FNDA:0,(anonymous_758)
FNDA:0,(anonymous_759)
FNDA:0,(anonymous_760)
FNDA:0,(anonymous_761)
FNDA:0,(anonymous_762)
FNDA:0,(anonymous_763)
FNDA:0,(anonymous_764)
FNDA:0,(anonymous_765)
FNDA:0,(anonymous_766)
FNDA:0,(anonymous_767)
FNDA:0,(anonymous_768)
FNDA:0,(anonymous_769)
FNDA:0,(anonymous_770)
FNDA:0,(anonymous_771)
FNDA:0,(anonymous_772)
FNDA:0,(anonymous_773)
FNDA:0,(anonymous_774)
FNDA:0,c
FNDA:0,(anonymous_776)
FNDA:0,(anonymous_777)
FNDA:0,(anonymous_778)
FNDA:0,(anonymous_779)
FNDA:0,(anonymous_780)
FNDA:0,(anonymous_781)
FNDA:0,(anonymous_782)
FNDA:0,(anonymous_783)
FNDA:0,(anonymous_784)
FNDA:0,n
FNDA:0,(anonymous_786)
FNDA:0,(anonymous_787)
FNDA:0,r
FNDA:0,(anonymous_789)
FNDA:0,(anonymous_790)
FNDA:0,(anonymous_791)
FNDA:0,(anonymous_792)
FNDA:0,(anonymous_793)
FNDA:0,(anonymous_794)
FNDA:0,(anonymous_795)
FNDA:0,r
FNDA:0,(anonymous_797)
FNDA:0,(anonymous_798)
FNDA:0,(anonymous_799)
FNDA:0,(anonymous_800)
FNDA:0,(anonymous_801)
FNDA:0,(anonymous_802)
FNDA:0,(anonymous_803)
FNDA:0,(anonymous_804)
FNDA:0,(anonymous_805)
FNDA:0,(anonymous_806)
FNDA:0,(anonymous_807)
FNDA:0,(anonymous_808)
FNDA:0,(anonymous_809)
FNDA:0,(anonymous_810)
FNDA:0,(anonymous_811)
FNDA:0,(anonymous_812)
FNDA:0,(anonymous_813)
FNDA:0,(anonymous_814)
FNDA:0,r
FNDA:0,(anonymous_816)
FNDA:0,(anonymous_817)
FNDA:0,(anonymous_818)
FNDA:0,(anonymous_819)
FNDA:0,(anonymous_820)
FNDA:0,(anonymous_821)
FNDA:0,(anonymous_822)
FNDA:0,(anonymous_823)
FNDA:0,(anonymous_824)
FNDA:0,(anonymous_825)
FNDA:0,(anonymous_826)
FNDA:0,(anonymous_827)
FNDA:0,(anonymous_828)
FNDA:0,(anonymous_829)
FNDA:0,(anonymous_830)
FNDA:0,(anonymous_831)
FNDA:0,(anonymous_832)
FNDA:0,(anonymous_833)
FNDA:0,(anonymous_834)
FNDA:0,(anonymous_835)
FNDA:0,(anonymous_836)
FNDA:0,(anonymous_837)
FNDA:0,c
FNDA:0,(anonymous_839)
FNDA:0,(anonymous_840)
FNDA:0,(anonymous_841)
FNDA:0,(anonymous_842)
FNDA:0,(anonymous_843)
FNDA:0,(anonymous_844)
FNDA:0,(anonymous_845)
FNDA:0,(anonymous_846)
FNDA:0,o
FNDA:0,(anonymous_848)
FNDA:0,(anonymous_849)
FNDA:0,(anonymous_850)
FNDA:0,(anonymous_851)
FNDA:0,(anonymous_852)
FNDA:0,(anonymous_853)
FNDA:0,(anonymous_854)
FNDA:0,Ge
FNDA:0,Ve
FNDA:0,We
FNDA:0,Ye
FNDA:0,Ke
FNDA:0,Xe
FNDA:0,Ze
FNDA:0,Je
FNDA:0,Qe
FNDA:0,tn
FNDA:0,en
FNDA:0,nn
FNDA:0,rn
FNDA:0,an
FNDA:0,(anonymous_869)
FNDA:0,sn
FNDA:0,cn
FNDA:0,(anonymous_872)
FNDA:0,un
FNDA:0,ln
FNDA:0,fn
FNDA:0,pn
FNDA:0,(anonymous_877)
FNDA:0,dn
FNDA:0,(anonymous_879)
FNDA:0,hn
FNDA:0,(anonymous_881)
FNDA:0,mn
FNDA:0,gn
FNDA:0,vn
FNDA:0,(anonymous_885)
FNDA:0,bn
FNDA:0,(anonymous_887)
FNDA:0,_n
FNDA:0,yn
FNDA:0,En
FNDA:0,wn
FNDA:0,Cn
FNDA:0,An
FNDA:0,(anonymous_894)
FNDA:0,Tn
FNDA:0,(anonymous_896)
FNDA:0,Sn
FNDA:0,Rn
FNDA:0,(anonymous_899)
FNDA:0,On
FNDA:0,(anonymous_901)
FNDA:0,Nn
FNDA:0,(anonymous_903)
FNDA:0,Ln
FNDA:0,(anonymous_905)
FNDA:0,(anonymous_906)
FNDA:0,t
FNDA:0,(anonymous_908)
FNDA:0,dr
FNDA:0,(anonymous_910)
FNDA:0,t
FNDA:0,(anonymous_912)
FNDA:0,mr
FNDA:0,gr
FNDA:0,vr
FNDA:0,br
FNDA:0,_r
FNDA:0,yr
FNDA:0,Er
FNDA:0,kr
FNDA:0,xr
FNDA:0,wr
FNDA:0,Cr
FNDA:0,Ar
FNDA:0,Tr
FNDA:0,Sr
FNDA:0,Rr
FNDA:0,Or
FNDA:0,(anonymous_929)
FNDA:0,Nr
FNDA:0,Lr
FNDA:0,Ir
FNDA:0,Dr
FNDA:0,Mr
FNDA:0,(anonymous_935)
FNDA:0,(anonymous_936)
FNDA:0,(anonymous_937)
FNDA:0,(anonymous_938)
FNDA:0,(anonymous_939)
FNDA:0,(anonymous_940)
FNDA:0,(anonymous_941)
FNDA:0,(anonymous_942)
FNDA:0,(anonymous_943)
FNDA:0,(anonymous_944)
FNDA:0,Pr
FNDA:0,jr
FNDA:0,(anonymous_947)
FNDA:0,Ur
FNDA:0,(anonymous_949)
FNDA:0,(anonymous_950)
FNDA:0,(anonymous_951)
FNDA:0,(anonymous_952)
FNDA:0,(anonymous_953)
FNDA:0,(anonymous_954)
FNDA:0,(anonymous_955)
FNDA:0,(anonymous_956)
FNDA:0,(anonymous_957)
FNDA:0,(anonymous_958)
FNDA:0,(anonymous_959)
FNDA:0,(anonymous_960)
FNDA:0,(anonymous_961)
FNDA:0,(anonymous_962)
FNDA:0,(anonymous_963)
FNDA:0,(anonymous_964)
FNDA:0,(anonymous_965)
FNDA:0,(anonymous_966)
FNDA:0,(anonymous_967)
FNDA:0,(anonymous_968)
FNDA:0,(anonymous_969)
FNDA:0,(anonymous_970)
FNDA:0,Br
FNDA:0,(anonymous_972)
FNDA:0,zr
FNDA:0,qr
FNDA:0,(anonymous_975)
FNDA:0,Hr
FNDA:0,Wr
FNDA:0,Yr
FNDA:0,Kr
FNDA:0,(anonymous_980)
FNDA:0,Xr
FNDA:0,Zr
FNDA:0,Jr
FNDA:0,(anonymous_984)
FNDA:0,(anonymous_985)
FNDA:0,Qr
FNDA:0,to
FNDA:0,eo
FNDA:0,no
FNDA:0,ro
FNDA:0,oo
FNDA:0,io
FNDA:0,(anonymous_993)
FNDA:0,(anonymous_994)
FNDA:0,(anonymous_995)
FNDA:0,ao
FNDA:0,so
FNDA:0,co
FNDA:0,uo
FNDA:0,lo
FNDA:0,(anonymous_1001)
FNDA:0,fo
FNDA:0,po
FNDA:0,(anonymous_1004)
FNDA:0,ho
FNDA:0,(anonymous_1006)
FNDA:0,mo
FNDA:0,(anonymous_1008)
FNDA:0,go
FNDA:0,(anonymous_1010)
FNDA:0,(anonymous_1011)
FNDA:0,vo
FNDA:0,bo
FNDA:0,(anonymous_1014)
FNDA:0,(anonymous_1015)
FNDA:0,(anonymous_1016)
FNDA:0,(anonymous_1017)
FNDA:0,(anonymous_1018)
FNDA:0,_o
FNDA:0,yo
FNDA:0,Eo
FNDA:0,ko
FNDA:0,xo
FNDA:0,wo
FNDA:0,Co
FNDA:0,Ao
FNDA:0,To
FNDA:0,(anonymous_1028)
FNDA:0,(anonymous_1029)
FNDA:0,Oo
FNDA:0,No
FNDA:0,Lo
FNDA:0,(anonymous_1033)
FNDA:0,Io
FNDA:0,Do
FNDA:0,Mo
FNDA:0,Po
FNDA:0,jo
FNDA:0,Uo
FNDA:0,Fo
FNDA:0,$o
FNDA:0,Bo
FNDA:0,zo
FNDA:0,(anonymous_1044)
FNDA:0,qo
FNDA:0,Ho
FNDA:0,Go
FNDA:0,Vo
FNDA:0,Wo
FNDA:0,Ko
FNDA:0,(anonymous_1051)
FNDA:0,Zo
FNDA:0,Jo
FNDA:0,Qo
FNDA:0,ti
FNDA:0,ei
FNDA:0,ni
FNDA:0,ri
FNDA:0,oi
FNDA:0,ii
FNDA:0,(anonymous_1061)
FNDA:0,ai
FNDA:0,(anonymous_1063)
FNDA:0,si
FNDA:0,(anonymous_1065)
FNDA:0,ci
FNDA:0,(anonymous_1067)
FNDA:0,ui
FNDA:0,(anonymous_1069)
FNDA:0,li
FNDA:0,(anonymous_1071)
FNDA:0,fi
FNDA:0,(anonymous_1073)
FNDA:0,pi
FNDA:0,(anonymous_1075)
FNDA:0,(anonymous_1076)
FNDA:0,di
FNDA:0,(anonymous_1078)
FNDA:0,(anonymous_1079)
FNDA:0,hi
FNDA:0,v
FNDA:0,(anonymous_1082)
FNDA:0,(anonymous_1083)
FNDA:0,mi
FNDA:0,(anonymous_1085)
FNDA:0,(anonymous_1086)
FNDA:0,(anonymous_1087)
FNDA:0,gi
FNDA:0,(anonymous_1089)
FNDA:0,vi
FNDA:0,(anonymous_1091)
FNDA:0,(anonymous_1092)
FNDA:0,(anonymous_1093)
FNDA:0,bi
FNDA:0,_i
FNDA:0,(anonymous_1096)
FNDA:0,(anonymous_1097)
FNDA:0,yi
FNDA:0,(anonymous_1099)
FNDA:0,Ei
FNDA:0,ki
FNDA:0,(anonymous_1102)
FNDA:0,(anonymous_1103)
FNDA:0,wi
FNDA:0,(anonymous_1105)
FNDA:0,(anonymous_1106)
FNDA:0,(anonymous_1107)
FNDA:0,Ci
FNDA:0,(anonymous_1109)
FNDA:0,(anonymous_1110)
FNDA:0,a
FNDA:0,(anonymous_1112)
FNDA:0,e
FNDA:0,(anonymous_1114)
FNDA:0,e
FNDA:0,Ai
FNDA:0,Ti
FNDA:0,Si
FNDA:0,Ri
FNDA:0,(anonymous_1120)
FNDA:0,Oi
FNDA:0,Ni
FNDA:0,Li
FNDA:0,(anonymous_1124)
FNDA:0,Di
FNDA:0,Mi
FNDA:0,Pi
FNDA:0,ji
FNDA:0,Ui
FNDA:0,Fi
FNDA:0,(anonymous_1131)
FNDA:0,(anonymous_1132)
FNDA:0,(anonymous_1133)
FNDA:0,(anonymous_1134)
FNDA:0,qi
FNDA:0,Hi
FNDA:0,Gi
FNDA:0,Vi
FNDA:0,Wi
FNDA:0,Yi
FNDA:0,Ki
FNDA:0,(anonymous_1142)
FNDA:0,Zi
FNDA:0,Ji
FNDA:0,Qi
FNDA:0,(anonymous_1146)
FNDA:0,ta
FNDA:0,(anonymous_1148)
FNDA:0,ea
FNDA:0,na
FNDA:0,(anonymous_1151)
FNDA:0,aa
FNDA:0,(anonymous_1153)
FNDA:0,(anonymous_1154)
FNDA:0,(anonymous_1155)
FNDA:0,(anonymous_1156)
FNDA:0,sa
FNDA:0,(anonymous_1158)
FNDA:0,ca
FNDA:0,(anonymous_1160)
FNDA:0,(anonymous_1161)
FNDA:0,(anonymous_1162)
FNDA:0,(anonymous_1163)
FNDA:0,la
FNDA:0,fa
FNDA:0,pa
FNDA:0,(anonymous_1167)
FNDA:0,(anonymous_1168)
FNDA:0,(anonymous_1169)
FNDA:0,ga
FNDA:0,va
FNDA:0,ba
FNDA:0,_a
FNDA:0,(anonymous_1174)
FNDA:0,(anonymous_1175)
FNDA:0,(anonymous_1176)
FNDA:0,xa
FNDA:0,Ca
FNDA:0,(anonymous_1179)
FNDA:0,(anonymous_1180)
FNDA:0,Ta
FNDA:0,(anonymous_1182)
FNDA:0,(anonymous_1183)
FNDA:0,(anonymous_1184)
FNDA:0,Na
FNDA:0,(anonymous_1186)
FNDA:0,(anonymous_1187)
FNDA:0,La
FNDA:0,(anonymous_1189)
FNDA:0,(anonymous_1190)
FNDA:0,(anonymous_1191)
FNDA:0,(anonymous_1192)
FNDA:0,(anonymous_1193)
FNDA:0,(anonymous_1194)
FNDA:0,Fa
FNDA:0,$a
FNDA:0,(anonymous_1197)
FNDA:0,(anonymous_1198)
FNDA:0,(anonymous_1199)
FNDA:0,(anonymous_1200)
FNDA:0,Ga
FNDA:0,Va
FNDA:0,(anonymous_1203)
FNDA:0,(anonymous_1204)
FNDA:0,(anonymous_1205)
FNDA:0,(anonymous_1206)
FNDA:0,Xa
FNDA:0,(anonymous_1208)
FNDA:0,(anonymous_1209)
FNDA:0,(anonymous_1210)
FNDA:0,(anonymous_1211)
FNDA:0,ts
FNDA:0,es
FNDA:0,(anonymous_1214)
FNDA:0,(anonymous_1215)
FNDA:0,(anonymous_1216)
FNDA:0,os
FNDA:0,m
FNDA:0,g
FNDA:0,v
FNDA:0,(anonymous_1221)
FNDA:0,b
FNDA:0,_
FNDA:0,(anonymous_1224)
FNDA:0,(anonymous_1225)
FNDA:0,(anonymous_1226)
FNDA:0,(anonymous_1227)
FNDA:0,(anonymous_1228)
FNDA:0,ss
FNDA:0,(anonymous_1230)
FNDA:0,cs
FNDA:0,(anonymous_1232)
FNDA:0,(anonymous_1233)
FNDA:0,(anonymous_1234)
FNDA:0,(anonymous_1235)
FNDA:0,(anonymous_1236)
FNDA:0,(anonymous_1237)
FNDA:0,ds
FNDA:0,(anonymous_1239)
FNDA:0,(anonymous_1240)
FNDA:0,(anonymous_1241)
FNDA:0,(anonymous_1242)
FNDA:0,_s
FNDA:0,ys
FNDA:0,(anonymous_1245)
FNDA:0,xs
FNDA:0,ws
FNDA:0,Cs
FNDA:0,As
FNDA:0,Ts
FNDA:0,Ss
FNDA:0,(anonymous_1252)
FNDA:0,Os
FNDA:0,Ns
FNDA:0,(anonymous_1255)
FNDA:0,(anonymous_1256)
FNDA:0,Ds
FNDA:0,Ms
FNDA:0,(anonymous_1259)
FNDA:0,(anonymous_1260)
FNDA:0,Fs
FNDA:0,(anonymous_1262)
FNDA:0,$s
FNDA:0,Bs
FNDA:0,zs
FNDA:0,qs
FNDA:0,Hs
FNDA:0,Gs
FNDA:0,(anonymous_1269)
FNDA:0,(anonymous_1270)
FNDA:0,(anonymous_1271)
FNDA:0,(anonymous_1272)
FNDA:0,(anonymous_1273)
FNDA:0,(anonymous_1274)
FNDA:0,Qs
FNDA:0,tc
FNDA:0,(anonymous_1277)
FNDA:0,(anonymous_1278)
FNDA:0,oc
FNDA:0,ic
FNDA:0,(anonymous_1281)
FNDA:0,(anonymous_1282)
FNDA:0,(anonymous_1283)
FNDA:0,(anonymous_1284)
FNDA:0,(anonymous_1285)
FNDA:0,(anonymous_1286)
FNDA:0,(anonymous_1287)
FNDA:0,lc
FNDA:0,(anonymous_1289)
FNDA:0,(anonymous_1290)
FNDA:0,dc
FNDA:0,(anonymous_1292)
FNDA:0,mc
FNDA:0,gc
FNDA:0,(anonymous_1295)
FNDA:0,(anonymous_1296)
FNDA:0,(anonymous_1297)
FNDA:0,(anonymous_1298)
FNDA:0,(anonymous_1299)
FNDA:0,wc
FNDA:0,(anonymous_1301)
FNDA:0,(anonymous_1302)
FNDA:0,(anonymous_1303)
FNDA:0,(anonymous_1304)
FNDA:0,(anonymous_1305)
FNDA:0,(anonymous_1306)
FNDA:0,Tc
FNDA:0,(anonymous_1308)
FNDA:0,Oc
FNDA:0,Nc
FNDA:0,(anonymous_1311)
FNDA:0,(anonymous_1312)
FNDA:0,(anonymous_1313)
FNDA:0,(anonymous_1314)
FNDA:0,Dc
FNDA:0,(anonymous_1316)
FNDA:0,(anonymous_1317)
FNDA:0,Mc
FNDA:0,Fc
FNDA:0,(anonymous_1320)
FNDA:0,(anonymous_1321)
FNDA:0,zc
FNDA:0,qc
FNDA:0,(anonymous_1324)
FNDA:0,(anonymous_1325)
FNDA:0,(anonymous_1326)
FNDA:0,(anonymous_1327)
FNDA:0,(anonymous_1328)
FNDA:0,(anonymous_1329)
FNDA:0,(anonymous_1330)
FNDA:0,(anonymous_1331)
FNDA:0,(anonymous_1332)
FNDA:0,(anonymous_1333)
FNDA:0,(anonymous_1334)
FNDA:0,(anonymous_1335)
FNDA:0,(anonymous_1336)
FNDA:0,(anonymous_1337)
FNDA:0,(anonymous_1338)
FNDA:0,(anonymous_1339)
FNDA:0,(anonymous_1340)
FNDA:0,t
FNDA:0,t
FNDA:0,(anonymous_1343)
FNDA:0,(anonymous_1344)
FNDA:0,(anonymous_1345)
FNDA:0,(anonymous_1346)
FNDA:0,(anonymous_1347)
FNDA:0,(anonymous_1348)
FNDA:0,(anonymous_1349)
FNDA:0,(anonymous_1350)
FNDA:0,(anonymous_1351)
FNDA:0,(anonymous_1352)
FNDA:0,(anonymous_1353)
FNDA:0,(anonymous_1354)
FNDA:0,(anonymous_1355)
FNDA:0,(anonymous_1356)
FNDA:0,(anonymous_1357)
FNDA:0,(anonymous_1358)
FNDA:0,(anonymous_1359)
FNDA:0,(anonymous_1360)
FNDA:0,(anonymous_1361)
FNDA:0,(anonymous_1362)
FNDA:0,(anonymous_1363)
FNDA:0,(anonymous_1364)
FNDA:0,(anonymous_1365)
FNDA:0,(anonymous_1366)
FNDA:0,(anonymous_1367)
FNDA:0,(anonymous_1368)
FNDA:0,(anonymous_1369)
FNDA:0,(anonymous_1370)
FNDA:0,(anonymous_1371)
FNDA:0,(anonymous_1372)
FNDA:0,(anonymous_1373)
FNDA:0,(anonymous_1374)
FNDA:0,(anonymous_1375)
FNDA:0,(anonymous_1376)
FNDA:0,(anonymous_1377)
FNDA:0,(anonymous_1378)
FNDA:0,(anonymous_1379)
FNDA:0,(anonymous_1380)
FNDA:0,(anonymous_1381)
FNDA:0,(anonymous_1382)
FNDA:0,(anonymous_1383)
FNDA:0,(anonymous_1384)
FNDA:0,(anonymous_1385)
FNDA:0,(anonymous_1386)
FNDA:0,(anonymous_1387)
FNDA:0,(anonymous_1388)
FNDA:0,(anonymous_1389)
FNDA:0,(anonymous_1390)
FNDA:0,(anonymous_1391)
FNDA:0,(anonymous_1392)
FNDA:0,(anonymous_1393)
FNDA:0,(anonymous_1394)
FNDA:0,(anonymous_1395)
FNDA:0,(anonymous_1396)
FNDA:0,(anonymous_1397)
FNDA:0,(anonymous_1398)
FNDA:0,(anonymous_1399)
FNDA:0,(anonymous_1400)
FNDA:0,(anonymous_1401)
FNDA:0,(anonymous_1402)
FNDA:0,(anonymous_1403)
FNDA:0,(anonymous_1404)
FNDA:0,(anonymous_1405)
FNDA:0,(anonymous_1406)
FNDA:0,(anonymous_1407)
FNDA:0,(anonymous_1408)
FNDA:0,(anonymous_1409)
FNDA:0,(anonymous_1410)
FNDA:0,(anonymous_1411)
FNDA:0,(anonymous_1412)
FNDA:0,(anonymous_1413)
FNDA:0,(anonymous_1414)
FNDA:0,(anonymous_1415)
FNDA:0,(anonymous_1416)
FNDA:0,(anonymous_1417)
FNDA:0,(anonymous_1418)
FNDA:0,(anonymous_1419)
FNDA:0,(anonymous_1420)
FNDA:0,(anonymous_1421)
FNDA:0,(anonymous_1422)
FNDA:0,(anonymous_1423)
FNDA:0,(anonymous_1424)
FNDA:0,(anonymous_1425)
FNDA:0,(anonymous_1426)
FNDA:0,(anonymous_1427)
FNDA:0,(anonymous_1428)
FNDA:0,(anonymous_1429)
FNDA:0,(anonymous_1430)
FNDA:0,(anonymous_1431)
FNDA:0,(anonymous_1432)
FNDA:0,(anonymous_1433)
FNDA:0,(anonymous_1434)
FNDA:0,(anonymous_1435)
FNDA:0,(anonymous_1436)
FNDA:0,(anonymous_1437)
FNDA:0,(anonymous_1438)
FNDA:0,(anonymous_1439)
FNDA:0,(anonymous_1440)
FNDA:0,(anonymous_1441)
FNDA:0,(anonymous_1442)
FNDA:0,(anonymous_1443)
FNDA:0,(anonymous_1444)
FNDA:0,(anonymous_1445)
FNDA:0,(anonymous_1446)
FNDA:0,(anonymous_1447)
FNDA:0,(anonymous_1448)
FNDA:0,(anonymous_1449)
FNDA:0,(anonymous_1450)
FNDA:0,(anonymous_1451)
FNDA:0,(anonymous_1452)
FNDA:0,(anonymous_1453)
FNDA:0,(anonymous_1454)
FNDA:0,(anonymous_1455)
FNDA:0,(anonymous_1456)
FNDA:0,(anonymous_1457)
FNDA:0,(anonymous_1458)
FNDA:0,(anonymous_1459)
FNDA:0,(anonymous_1460)
FNDA:0,(anonymous_1461)
FNDA:0,(anonymous_1462)
FNDA:0,(anonymous_1463)
FNDA:0,(anonymous_1464)
FNDA:0,(anonymous_1465)
FNDA:0,(anonymous_1466)
FNDA:0,(anonymous_1467)
FNDA:0,(anonymous_1468)
FNDA:0,(anonymous_1469)
FNDA:0,(anonymous_1470)
FNDA:0,(anonymous_1471)
FNDA:0,(anonymous_1472)
FNDA:0,(anonymous_1473)
FNDA:0,(anonymous_1474)
FNDA:0,(anonymous_1475)
FNDA:0,(anonymous_1476)
FNDA:0,(anonymous_1477)
FNDA:0,(anonymous_1478)
FNDA:0,(anonymous_1479)
FNDA:0,(anonymous_1480)
FNDA:0,(anonymous_1481)
FNDA:0,(anonymous_1482)
FNDA:0,(anonymous_1483)
FNDA:0,(anonymous_1484)
FNDA:0,(anonymous_1485)
FNDA:0,(anonymous_1486)
FNDA:0,(anonymous_1487)
FNDA:0,(anonymous_1488)
FNDA:0,(anonymous_1489)
FNDA:0,(anonymous_1490)
FNDA:0,(anonymous_1491)
FNDA:0,(anonymous_1492)
FNDA:0,(anonymous_1493)
FNDA:0,(anonymous_1494)
FNDA:0,(anonymous_1495)
FNDA:0,(anonymous_1496)
FNDA:0,(anonymous_1497)
FNDA:0,(anonymous_1498)
FNDA:0,(anonymous_1499)
FNDA:0,(anonymous_1500)
FNDA:0,(anonymous_1501)
FNDA:0,(anonymous_1502)
FNDA:0,(anonymous_1503)
FNDA:0,(anonymous_1504)
FNDA:0,(anonymous_1505)
FNDA:0,(anonymous_1506)
FNDA:0,(anonymous_1507)
FNDA:0,(anonymous_1508)
FNDA:0,(anonymous_1509)
FNDA:0,(anonymous_1510)
FNDA:0,(anonymous_1511)
FNDA:0,(anonymous_1512)
FNDA:0,(anonymous_1513)
FNDA:0,(anonymous_1514)
FNDA:0,(anonymous_1515)
FNDA:0,(anonymous_1516)
FNDA:0,(anonymous_1517)
FNDA:0,(anonymous_1518)
FNDA:0,(anonymous_1519)
FNDA:0,(anonymous_1520)
FNDA:0,(anonymous_1521)
FNDA:0,(anonymous_1522)
FNDA:0,(anonymous_1523)
FNDA:0,(anonymous_1524)
FNDA:0,(anonymous_1525)
FNDA:0,(anonymous_1526)
FNDA:0,(anonymous_1527)
FNDA:0,(anonymous_1528)
FNDA:0,(anonymous_1529)
FNDA:0,(anonymous_1530)
FNDA:0,(anonymous_1531)
FNDA:0,(anonymous_1532)
FNDA:0,(anonymous_1533)
FNDA:0,(anonymous_1534)
FNDA:0,(anonymous_1535)
FNDA:0,(anonymous_1536)
FNDA:0,f
FNDA:0,p
FNDA:0,d
FNDA:0,h
FNDA:0,m
FNDA:0,(anonymous_1542)
FNDA:0,g
FNDA:0,t
FNDA:0,v
FNDA:0,b
FNDA:0,e
FNDA:0,n
FNDA:0,o
FNDA:0,(anonymous_1550)
FNDA:0,(anonymous_1551)
[...]
BRDA:2,11,0,0
BRDA:2,11,1,0
BRDA:2,12,0,0
BRDA:2,12,1,0
BRDA:2,13,0,0
BRDA:2,13,1,0
BRDA:2,14,0,0
BRDA:2,14,1,0
BRDA:2,15,0,0
BRDA:2,15,1,0
BRDA:2,16,0,0
BRDA:2,16,1,0
BRDA:2,17,0,0
BRDA:2,17,1,0
BRDA:2,18,0,0
BRDA:2,18,1,0
BRDA:2,19,0,0
BRDA:2,19,1,0
BRDA:2,20,0,0
BRDA:2,20,1,0
BRDA:2,21,0,0
BRDA:2,21,1,0
BRDA:2,22,0,0
BRDA:2,22,1,0
BRDA:2,23,0,0
BRDA:2,23,1,0
BRDA:2,23,2,0
BRDA:2,24,0,0
BRDA:2,24,1,0
BRDA:2,25,0,0
BRDA:2,25,1,0
BRDA:2,25,2,0
BRDA:2,26,0,0
BRDA:2,26,1,0
BRDA:2,26,2,0
BRDA:2,26,3,0
BRDA:2,27,0,0
BRDA:2,27,1,0
BRDA:2,27,2,0
BRDA:2,28,0,0
BRDA:2,28,1,0
BRDA:2,29,0,0
BRDA:2,29,1,0
BRDA:2,30,0,0
BRDA:2,30,1,0
BRDA:2,31,0,0
BRDA:2,31,1,0
BRDA:2,32,0,0
BRDA:2,32,1,0
BRDA:2,33,0,0
BRDA:2,33,1,0
BRDA:2,34,0,0
BRDA:2,34,1,0
BRDA:2,35,0,0
BRDA:2,35,1,0
BRDA:2,36,0,0
BRDA:2,36,1,0
BRDA:2,37,0,0
BRDA:2,37,1,0
BRDA:2,38,0,0
BRDA:2,38,1,0
BRDA:2,39,0,0
BRDA:2,39,1,0
BRDA:2,40,0,0
BRDA:2,40,1,0
BRDA:2,40,2,0
BRDA:2,41,0,0
BRDA:2,41,1,0
BRDA:2,42,0,0
BRDA:2,42,1,0
BRDA:2,43,0,0
BRDA:2,43,1,0
BRDA:2,43,2,0
BRDA:2,44,0,0
BRDA:2,44,1,0
BRDA:2,45,0,0
BRDA:2,45,1,0
BRDA:2,46,0,0
BRDA:2,46,1,0
BRDA:2,47,0,0
BRDA:2,47,1,0
BRDA:2,48,0,0
BRDA:2,48,1,0
BRDA:2,49,0,0
BRDA:2,49,1,0
BRDA:2,50,0,0
BRDA:2,50,1,0
BRDA:2,51,0,0
BRDA:2,51,1,0
BRDA:2,52,0,0
BRDA:2,52,1,0
BRDA:2,53,0,0
BRDA:2,53,1,0
BRDA:2,54,0,0
BRDA:2,54,1,0
BRDA:2,55,0,0
BRDA:2,55,1,0
BRDA:2,56,0,0
BRDA:2,56,1,0
BRDA:2,57,0,0
BRDA:2,57,1,0
BRDA:2,58,0,0
BRDA:2,58,1,0
BRDA:2,59,0,0
BRDA:2,59,1,0
BRDA:2,60,0,0
BRDA:2,60,1,0
BRDA:2,61,0,0
BRDA:2,61,1,0
BRDA:2,62,0,0
BRDA:2,62,1,0
BRDA:2,63,0,0
BRDA:2,63,1,0
BRDA:2,64,0,0
BRDA:2,64,1,0
BRDA:2,65,0,0
BRDA:2,65,1,0
BRDA:2,66,0,0
BRDA:2,66,1,0
BRDA:2,67,0,0
BRDA:2,67,1,0
BRDA:2,68,0,0
BRDA:2,68,1,0
BRDA:2,69,0,0
BRDA:2,69,1,0
BRDA:2,70,0,0
BRDA:2,70,1,0
BRDA:2,71,0,0
BRDA:2,71,1,0
BRDA:2,72,0,0
BRDA:2,72,1,0
BRDA:2,73,0,0
BRDA:2,73,1,0
BRDA:2,74,0,0
BRDA:2,74,1,0
BRDA:2,75,0,0
BRDA:2,75,1,0
BRDA:2,75,2,0
BRDA:2,76,0,0
BRDA:2,76,1,0
BRDA:2,77,0,0
BRDA:2,77,1,0
BRDA:2,78,0,0
BRDA:2,78,1,0
BRDA:2,79,0,0
BRDA:2,79,1,0
BRDA:2,79,2,0
BRDA:2,80,0,0
BRDA:2,80,1,0
BRDA:2,81,0,0
BRDA:2,81,1,0
BRDA:2,82,0,0
BRDA:2,82,1,0
BRDA:2,83,0,0
BRDA:2,83,1,0
BRDA:2,84,0,0
BRDA:2,84,1,0
BRDA:2,85,0,0
BRDA:2,85,1,0
BRDA:2,86,0,0
BRDA:2,86,1,0
BRDA:2,87,0,0
BRDA:2,87,1,0
BRDA:2,88,0,0
BRDA:2,88,1,0
BRDA:2,89,0,0
BRDA:2,89,1,0
BRDA:2,90,0,0
BRDA:2,90,1,0
BRDA:2,91,0,0
BRDA:2,91,1,0
BRDA:2,92,0,0
BRDA:2,92,1,0
BRDA:2,93,0,0
BRDA:2,93,1,0
BRDA:2,94,0,0
BRDA:2,94,1,0
BRDA:2,95,0,0
BRDA:2,95,1,0
BRDA:2,95,2,0
BRDA:2,96,0,0
BRDA:2,96,1,0
BRDA:2,97,0,0
BRDA:2,97,1,0
BRDA:2,98,0,0
BRDA:2,98,1,0
BRDA:2,99,0,0
BRDA:2,99,1,0
BRDA:2,100,0,0
BRDA:2,100,1,0
BRDA:2,101,0,0
BRDA:2,101,1,0
BRDA:2,102,0,0
BRDA:2,102,1,0
BRDA:2,103,0,0
BRDA:2,103,1,0
BRDA:2,104,0,0
BRDA:2,104,1,0
BRDA:2,105,0,0
BRDA:2,105,1,0
BRDA:2,106,0,0
BRDA:2,106,1,0
BRDA:2,107,0,0
BRDA:2,107,1,0
BRDA:2,108,0,0
BRDA:2,108,1,0
BRDA:2,109,0,0
BRDA:2,109,1,0
BRDA:2,110,0,0
BRDA:2,110,1,0
BRDA:2,111,0,0
BRDA:2,111,1,0
BRDA:2,112,0,0
BRDA:2,112,1,0
BRDA:2,113,0,0
BRDA:2,113,1,0
BRDA:2,114,0,0
BRDA:2,114,1,0
BRDA:2,115,0,0
BRDA:2,115,1,0
BRDA:2,116,0,0
BRDA:2,116,1,0
BRF:247
BRH:0
end_of_record
TN:
SF:vendor/scrivo/highlight.php/tools/export.js
FN:3,(anonymous_0)
FN:18,regexToStr
FN:42,jsUnicodeToPhpUnicode
FN:51,exportLang
FN:62,(anonymous_4)
FN:68,(anonymous_5)
FN:78,(anonymous_6)
FNF:7
FNH:0
FNDA:0,(anonymous_0)
FNDA:0,regexToStr
FNDA:0,jsUnicodeToPhpUnicode
FNDA:0,exportLang
FNDA:0,(anonymous_4)
FNDA:0,(anonymous_5)
FNDA:0,(anonymous_6)
DA:3,0
DA:4,0
DA:5,0
DA:6,0
DA:7,0
DA:9,0
DA:10,0
DA:20,0
DA:21,0
DA:24,0
DA:25,0
DA:26,0
DA:27,0
DA:28,0
DA:43,0
DA:52,0
DA:53,0
DA:55,0
DA:56,0
DA:58,0
DA:59,0
DA:62,0
DA:63,0
DA:64,0
DA:68,0
DA:69,0
DA:70,0
DA:73,0
DA:78,0
DA:79,0
LF:30
LH:0
BRDA:4,0,0,0
BRDA:4,0,1,0
BRDA:18,1,0,0
BRDA:20,2,0,0
BRDA:20,2,1,0
BRDA:25,3,0,0
BRDA:25,3,1,0
BRDA:27,4,0,0
BRDA:27,4,1,0
BRDA:63,5,0,0
BRDA:63,5,1,0
BRDA:69,6,0,0
BRDA:69,6,1,0
BRDA:69,7,0,0
BRDA:69,7,1,0
BRF:15
BRH:0
end_of_record
TN:
SF:vendor/scrivo/highlight.php/tools/launcher.js
FNF:0
FNH:0
DA:1,0
DA:16,0
LF:2
LH:0
BRF:0
BRH:0
end_of_record
TN:
SF:vendor/scrivo/highlight.php/tools/lodash.cloneDeep.js
FN:106,addMapEntry
FN:120,addSetEntry
FN:135,arrayEach
FN:155,arrayPush
FN:178,arrayReduce
FN:200,baseTimes
FN:218,getValue
FN:229,isHostObject
FN:248,mapToArray
FN:252,(anonymous_9)
FN:266,overArg
FN:267,(anonymous_11)
FN:279,setToArray
FN:283,(anonymous_13)
FN:298,(anonymous_14)
FN:362,Hash
FN:380,hashClear
FN:394,hashDelete
FN:407,hashGet
FN:425,hashHas
FN:440,hashSet
FN:460,ListCache
FN:478,listCacheClear
FN:491,listCacheDelete
FN:516,listCacheGet
FN:532,listCacheHas
FN:546,listCacheSet
FN:572,MapCache
FN:590,mapCacheClear
FN:607,mapCacheDelete
FN:620,mapCacheGet
FN:633,mapCacheHas
FN:647,mapCacheSet
FN:666,Stack
FN:677,stackClear
FN:690,stackDelete
FN:703,stackGet
FN:716,stackHas
FN:730,stackSet
FN:759,arrayLikeKeys
FN:788,assignValue
FN:804,assocIndexOf
FN:823,baseAssign
FN:841,baseClone
FN:891,(anonymous_44)
FN:910,baseCreate
FN:925,baseGetAllKeys
FN:937,baseGetTag
FN:949,baseIsNative
FN:964,baseKeys
FN:985,cloneBuffer
FN:1001,cloneArrayBuffer
FN:1015,cloneDataView
FN:1029,cloneMap
FN:1041,cloneRegExp
FN:1056,cloneSet
FN:1068,cloneSymbol
FN:1080,cloneTypedArray
FN:1093,copyArray
FN:1114,copyObject
FN:1140,copySymbols
FN:1151,getAllKeys
FN:1163,getMapData
FN:1178,getNative
FN:1208,(anonymous_64)
FN:1233,initCloneArray
FN:1252,initCloneObject
FN:1271,initCloneByTag
FN:1315,isIndex
FN:1329,isKeyable
FN:1343,isMasked
FN:1354,isPrototype
FN:1368,toSource
FN:1398,cloneDeep
FN:1434,eq
FN:1456,isArguments
FN:1512,isArrayLike
FN:1541,isArrayLikeObject
FN:1581,isFunction
FN:1614,isLength
FN:1644,isObject
FN:1673,isObjectLike
FN:1705,keys
FN:1727,stubArray
FN:1744,stubFalse
FNF:85
FNH:0
FNDA:0,addMapEntry
FNDA:0,addSetEntry
FNDA:0,arrayEach
FNDA:0,arrayPush
FNDA:0,arrayReduce
FNDA:0,baseTimes
FNDA:0,getValue
FNDA:0,isHostObject
FNDA:0,mapToArray
FNDA:0,(anonymous_9)
FNDA:0,overArg
FNDA:0,(anonymous_11)
FNDA:0,setToArray
FNDA:0,(anonymous_13)
FNDA:0,(anonymous_14)
FNDA:0,Hash
FNDA:0,hashClear
FNDA:0,hashDelete
FNDA:0,hashGet
FNDA:0,hashHas
FNDA:0,hashSet
FNDA:0,ListCache
FNDA:0,listCacheClear
FNDA:0,listCacheDelete
FNDA:0,listCacheGet
FNDA:0,listCacheHas
FNDA:0,listCacheSet
FNDA:0,MapCache
FNDA:0,mapCacheClear
FNDA:0,mapCacheDelete
FNDA:0,mapCacheGet
FNDA:0,mapCacheHas
FNDA:0,mapCacheSet
FNDA:0,Stack
FNDA:0,stackClear
FNDA:0,stackDelete
FNDA:0,stackGet
FNDA:0,stackHas
FNDA:0,stackSet
FNDA:0,arrayLikeKeys
FNDA:0,assignValue
FNDA:0,assocIndexOf
FNDA:0,baseAssign
FNDA:0,baseClone
FNDA:0,(anonymous_44)
FNDA:0,baseCreate
FNDA:0,baseGetAllKeys
FNDA:0,baseGetTag
FNDA:0,baseIsNative
FNDA:0,baseKeys
FNDA:0,cloneBuffer
FNDA:0,cloneArrayBuffer
FNDA:0,cloneDataView
FNDA:0,cloneMap
FNDA:0,cloneRegExp
FNDA:0,cloneSet
FNDA:0,cloneSymbol
FNDA:0,cloneTypedArray
FNDA:0,copyArray
FNDA:0,copyObject
FNDA:0,copySymbols
FNDA:0,getAllKeys
FNDA:0,getMapData
FNDA:0,getNative
FNDA:0,(anonymous_64)
FNDA:0,initCloneArray
FNDA:0,initCloneObject
FNDA:0,initCloneByTag
FNDA:0,isIndex
FNDA:0,isKeyable
FNDA:0,isMasked
FNDA:0,isPrototype
FNDA:0,toSource
FNDA:0,cloneDeep
FNDA:0,eq
FNDA:0,isArguments
FNDA:0,isArrayLike
FNDA:0,isArrayLikeObject
FNDA:0,isFunction
FNDA:0,isLength
FNDA:0,isObject
FNDA:0,isObjectLike
FNDA:0,keys
FNDA:0,stubArray
FNDA:0,stubFalse
DA:11,0
DA:14,0
DA:17,0
DA:20,0
DA:21,0
DA:22,0
DA:23,0
DA:24,0
DA:25,0
DA:26,0
DA:27,0
DA:28,0
DA:29,0
DA:30,0
DA:31,0
DA:32,0
DA:33,0
DA:34,0
DA:35,0
DA:37,0
DA:38,0
DA:39,0
DA:40,0
DA:41,0
DA:42,0
DA:43,0
DA:44,0
DA:45,0
DA:46,0
DA:47,0
DA:53,0
DA:56,0
DA:59,0
DA:62,0
DA:65,0
DA:66,0
DA:77,0
DA:81,0
DA:84,0
DA:87,0
DA:90,0
DA:93,0
DA:96,0
DA:108,0
DA:109,0
DA:122,0
DA:123,0
DA:136,0
DA:137,0
DA:139,0
DA:140,0
DA:141,0
DA:144,0
DA:156,0
DA:157,0
DA:158,0
DA:160,0
DA:161,0
DA:163,0
DA:179,0
DA:180,0
DA:182,0
DA:183,0
DA:185,0
DA:186,0
DA:188,0
DA:201,0
DA:202,0
DA:204,0
DA:205,0
DA:207,0
DA:219,0
DA:232,0
DA:233,0
DA:234,0
DA:235,0
DA:238,0
DA:249,0
DA:250,0
DA:252,0
DA:253,0
DA:255,0
DA:267,0
DA:268,0
DA:280,0
DA:281,0
DA:283,0
DA:284,0
DA:286,0
DA:290,0
DA:291,0
DA:292,0
DA:295,0
DA:298,0
DA:299,0
DA:300,0
DA:304,0
DA:307,0
DA:314,0
DA:317,0
DA:323,0
DA:324,0
DA:325,0
DA:326,0
DA:327,0
DA:328,0
DA:329,0
DA:332,0
DA:333,0
DA:334,0
DA:337,0
DA:338,0
DA:339,0
DA:340,0
DA:341,0
DA:342,0
DA:345,0
DA:346,0
DA:347,0
DA:348,0
DA:349,0
DA:352,0
DA:353,0
DA:363,0
DA:364,0
DA:366,0
DA:367,0
DA:368,0
DA:369,0
DA:381,0
DA:395,0
DA:408,0
DA:409,0
DA:410,0
DA:411,0
DA:413,0
DA:426,0
DA:427,0
DA:441,0
DA:442,0
DA:443,0
DA:447,0
DA:448,0
DA:449,0
DA:450,0
DA:451,0
DA:461,0
DA:462,0
DA:464,0
DA:465,0
DA:466,0
DA:467,0
DA:479,0
DA:492,0
DA:493,0
DA:495,0
DA:496,0
DA:498,0
DA:499,0
DA:500,0
DA:502,0
DA:504,0
DA:517,0
DA:518,0
DA:520,0
DA:533,0
DA:547,0
DA:548,0
DA:550,0
DA:551,0
DA:553,0
DA:555,0
DA:559,0
DA:560,0
DA:561,0
DA:562,0
DA:563,0
DA:573,0
DA:574,0
DA:576,0
DA:577,0
DA:578,0
DA:579,0
DA:591,0
DA:608,0
DA:621,0
DA:634,0
DA:648,0
DA:649,0
DA:653,0
DA:654,0
DA:655,0
DA:656,0
DA:657,0
DA:667,0
DA:678,0
DA:691,0
DA:704,0
DA:717,0
DA:731,0
DA:732,0
DA:733,0
DA:734,0
DA:735,0
DA:736,0
DA:738,0
DA:740,0
DA:741,0
DA:745,0
DA:746,0
DA:747,0
DA:748,0
DA:749,0
DA:762,0
DA:766,0
DA:767,0
DA:769,0
DA:770,0
DA:772,0
DA:775,0
DA:789,0
DA:790,0
DA:792,0
DA:805,0
DA:806,0
DA:807,0
DA:808,0
DA:811,0
DA:824,0
DA:843,0
DA:844,0
DA:846,0
DA:847,0
DA:849,0
DA:850,0
DA:852,0
DA:853,0
DA:854,0
DA:855,0
DA:856,0
DA:859,0
DA:860,0
DA:862,0
DA:863,0
DA:865,0
DA:866,0
DA:867,0
DA:869,0
DA:870,0
DA:871,0
DA:874,0
DA:875,0
DA:877,0
DA:881,0
DA:882,0
DA:883,0
DA:884,0
DA:886,0
DA:888,0
DA:889,0
DA:891,0
DA:892,0
DA:893,0
DA:894,0
DA:897,0
DA:899,0
DA:911,0
DA:926,0
DA:927,0
DA:938,0
DA:950,0
DA:951,0
DA:953,0
DA:954,0
DA:965,0
DA:966,0
DA:968,0
DA:969,0
DA:970,0
DA:971,0
DA:974,0
DA:986,0
DA:987,0
DA:989,0
DA:990,0
DA:991,0
DA:1002,0
DA:1003,0
DA:1004,0
DA:1016,0
DA:1017,0
DA:1030,0
DA:1031,0
DA:1042,0
DA:1043,0
DA:1044,0
DA:1057,0
DA:1058,0
DA:1069,0
DA:1081,0
DA:1082,0
DA:1094,0
DA:1095,0
DA:1097,0
DA:1098,0
DA:1099,0
DA:1101,0
DA:1115,0
DA:1117,0
DA:1118,0
DA:1120,0
DA:1121,0
DA:1123,0
DA:1127,0
DA:1129,0
DA:1141,0
DA:1152,0
DA:1164,0
DA:1165,0
DA:1179,0
DA:1180,0
DA:1190,0
DA:1199,0
DA:1203,0
DA:1208,0
DA:1209,0
DA:1210,0
DA:1211,0
DA:1213,0
DA:1214,0
DA:1215,0
DA:1216,0
DA:1217,0
DA:1218,0
DA:1219,0
DA:1222,0
DA:1234,0
DA:1235,0
DA:1238,0
DA:1239,0
DA:1240,0
DA:1242,0
DA:1253,0
DA:1272,0
DA:1273,0
DA:1275,0
DA:1279,0
DA:1282,0
DA:1287,0
DA:1290,0
DA:1294,0
DA:1297,0
DA:1300,0
DA:1303,0
DA:1316,0
DA:1317,0
DA:1330,0
DA:1331,0
DA:1344,0
DA:1355,0
DA:1356,0
DA:1358,0
DA:1369,0
DA:1370,0
DA:1371,0
DA:1373,0
DA:1374,0
DA:1377,0
DA:1399,0
DA:1435,0
DA:1458,0
DA:1485,0
DA:1513,0
DA:1542,0
DA:1562,0
DA:1584,0
DA:1585,0
DA:1615,0
DA:1645,0
DA:1646,0
DA:1674,0
DA:1706,0
DA:1728,0
DA:1745,0
DA:1748,0
LF:385
LH:0
BRDA:81,0,0,0
BRDA:81,0,1,0
BRDA:81,0,2,0
BRDA:81,0,3,0
BRDA:84,1,0,0
BRDA:84,1,1,0
BRDA:84,1,2,0
BRDA:84,1,3,0
BRDA:87,2,0,0
BRDA:87,2,1,0
BRDA:87,2,2,0
BRDA:90,3,0,0
BRDA:90,3,1,0
BRDA:90,3,2,0
BRDA:90,3,3,0
BRDA:93,4,0,0
BRDA:93,4,1,0
BRDA:93,4,2,0
BRDA:93,4,3,0
BRDA:93,4,4,0
BRDA:96,5,0,0
BRDA:96,5,1,0
BRDA:137,6,0,0
BRDA:137,6,1,0
BRDA:140,7,0,0
BRDA:140,7,1,0
BRDA:180,8,0,0
BRDA:180,8,1,0
BRDA:182,9,0,0
BRDA:182,9,1,0
BRDA:182,10,0,0
BRDA:182,10,1,0
BRDA:219,11,0,0
BRDA:219,11,1,0
BRDA:233,12,0,0
BRDA:233,12,1,0
BRDA:233,13,0,0
BRDA:233,13,1,0
BRDA:299,14,0,0
BRDA:299,14,1,0
BRDA:299,14,2,0
BRDA:299,14,3,0
BRDA:300,15,0,0
BRDA:300,15,1,0
BRDA:323,16,0,0
BRDA:323,16,1,0
BRDA:333,17,0,0
BRDA:333,17,1,0
BRDA:352,18,0,0
BRDA:352,18,1,0
BRDA:353,19,0,0
BRDA:353,19,1,0
BRDA:364,20,0,0
BRDA:364,20,1,0
BRDA:381,21,0,0
BRDA:381,21,1,0
BRDA:395,22,0,0
BRDA:395,22,1,0
BRDA:409,23,0,0
BRDA:409,23,1,0
BRDA:411,24,0,0
BRDA:411,24,1,0
BRDA:413,25,0,0
BRDA:413,25,1,0
BRDA:427,26,0,0
BRDA:427,26,1,0
BRDA:442,27,0,0
BRDA:442,27,1,0
BRDA:442,28,0,0
BRDA:442,28,1,0
BRDA:462,29,0,0
BRDA:462,29,1,0
BRDA:495,30,0,0
BRDA:495,30,1,0
BRDA:499,31,0,0
BRDA:499,31,1,0
BRDA:520,32,0,0
BRDA:520,32,1,0
BRDA:550,33,0,0
BRDA:550,33,1,0
BRDA:574,34,0,0
BRDA:574,34,1,0
BRDA:593,35,0,0
BRDA:593,35,1,0
BRDA:732,36,0,0
BRDA:732,36,1,0
BRDA:734,37,0,0
BRDA:734,37,1,0
BRDA:734,38,0,0
BRDA:734,38,1,0
BRDA:762,39,0,0
BRDA:762,39,1,0
BRDA:762,40,0,0
BRDA:762,40,1,0
BRDA:770,41,0,0
BRDA:770,41,1,0
BRDA:770,42,0,0
BRDA:770,42,1,0
BRDA:770,42,2,0
BRDA:771,43,0,0
BRDA:771,43,1,0
BRDA:771,43,2,0
BRDA:790,44,0,0
BRDA:790,44,1,0
BRDA:790,45,0,0
BRDA:790,45,1,0
BRDA:790,45,2,0
BRDA:790,46,0,0
BRDA:790,46,1,0
BRDA:807,47,0,0
BRDA:807,47,1,0
BRDA:824,48,0,0
BRDA:824,48,1,0
BRDA:843,49,0,0
BRDA:843,49,1,0
BRDA:844,50,0,0
BRDA:844,50,1,0
BRDA:846,51,0,0
BRDA:846,51,1,0
BRDA:849,52,0,0
BRDA:849,52,1,0
BRDA:853,53,0,0
BRDA:853,53,1,0
BRDA:855,54,0,0
BRDA:855,54,1,0
BRDA:860,55,0,0
BRDA:860,55,1,0
BRDA:862,56,0,0
BRDA:862,56,1,0
BRDA:865,57,0,0
BRDA:865,57,1,0
BRDA:865,58,0,0
BRDA:865,58,1,0
BRDA:865,58,2,0
BRDA:865,58,3,0
BRDA:866,59,0,0
BRDA:866,59,1,0
BRDA:867,60,0,0
BRDA:867,60,1,0
BRDA:869,61,0,0
BRDA:869,61,1,0
BRDA:870,62,0,0
BRDA:870,62,1,0
BRDA:874,63,0,0
BRDA:874,63,1,0
BRDA:875,64,0,0
BRDA:875,64,1,0
BRDA:881,65,0,0
BRDA:881,65,1,0
BRDA:883,66,0,0
BRDA:883,66,1,0
BRDA:888,67,0,0
BRDA:888,67,1,0
BRDA:889,68,0,0
BRDA:889,68,1,0
BRDA:891,69,0,0
BRDA:891,69,1,0
BRDA:892,70,0,0
BRDA:892,70,1,0
BRDA:911,71,0,0
BRDA:911,71,1,0
BRDA:927,72,0,0
BRDA:927,72,1,0
BRDA:950,73,0,0
BRDA:950,73,1,0
BRDA:950,74,0,0
BRDA:950,74,1,0
BRDA:953,75,0,0
BRDA:953,75,1,0
BRDA:953,76,0,0
BRDA:953,76,1,0
BRDA:965,77,0,0
BRDA:965,77,1,0
BRDA:970,78,0,0
BRDA:970,78,1,0
BRDA:970,79,0,0
BRDA:970,79,1,0
BRDA:986,80,0,0
BRDA:986,80,1,0
BRDA:1016,81,0,0
BRDA:1016,81,1,0
BRDA:1030,82,0,0
BRDA:1030,82,1,0
BRDA:1057,83,0,0
BRDA:1057,83,1,0
BRDA:1069,84,0,0
BRDA:1069,84,1,0
BRDA:1081,85,0,0
BRDA:1081,85,1,0
BRDA:1097,86,0,0
BRDA:1097,86,1,0
BRDA:1115,87,0,0
BRDA:1115,87,1,0
BRDA:1123,88,0,0
BRDA:1123,88,1,0
BRDA:1127,89,0,0
BRDA:1127,89,1,0
BRDA:1165,90,0,0
BRDA:1165,90,1,0
BRDA:1166,91,0,0
BRDA:1166,91,1,0
BRDA:1180,92,0,0
BRDA:1180,92,1,0
BRDA:1190,93,0,0
BRDA:1190,93,1,0
BRDA:1203,94,0,0
BRDA:1203,94,1,0
BRDA:1203,95,0,0
BRDA:1203,95,1,0
BRDA:1203,95,2,0
BRDA:1203,95,3,0
BRDA:1203,95,4,0
BRDA:1203,95,5,0
BRDA:1203,95,6,0
BRDA:1203,95,7,0
BRDA:1203,95,8,0
BRDA:1203,95,9,0
BRDA:1210,96,0,0
BRDA:1210,96,1,0
BRDA:1211,97,0,0
BRDA:1211,97,1,0
BRDA:1213,98,0,0
BRDA:1213,98,1,0
BRDA:1214,99,0,0
BRDA:1214,99,1,0
BRDA:1214,99,2,0
BRDA:1214,99,3,0
BRDA:1214,99,4,0
BRDA:1238,100,0,0
BRDA:1238,100,1,0
BRDA:1238,101,0,0
BRDA:1238,101,1,0
BRDA:1238,101,2,0
BRDA:1253,102,0,0
BRDA:1253,102,1,0
BRDA:1253,103,0,0
BRDA:1253,103,1,0
BRDA:1273,104,0,0
BRDA:1273,104,1,0
BRDA:1273,104,2,0
BRDA:1273,104,3,0
BRDA:1273,104,4,0
BRDA:1273,104,5,0
BRDA:1273,104,6,0
BRDA:1273,104,7,0
BRDA:1273,104,8,0
BRDA:1273,104,9,0
BRDA:1273,104,10,0
BRDA:1273,104,11,0
BRDA:1273,104,12,0
BRDA:1273,104,13,0
BRDA:1273,104,14,0
BRDA:1273,104,15,0
BRDA:1273,104,16,0
BRDA:1273,104,17,0
BRDA:1273,104,18,0
BRDA:1316,105,0,0
BRDA:1316,105,1,0
BRDA:1317,106,0,0
BRDA:1317,106,1,0
BRDA:1317,106,2,0
BRDA:1317,106,3,0
BRDA:1317,106,4,0
BRDA:1317,106,5,0
BRDA:1331,107,0,0
BRDA:1331,107,1,0
BRDA:1331,108,0,0
BRDA:1331,108,1,0
BRDA:1331,108,2,0
BRDA:1331,108,3,0
BRDA:1344,109,0,0
BRDA:1344,109,1,0
BRDA:1355,110,0,0
BRDA:1355,110,1,0
BRDA:1356,111,0,0
BRDA:1356,111,1,0
BRDA:1356,111,2,0
BRDA:1369,112,0,0
BRDA:1369,112,1,0
BRDA:1435,113,0,0
BRDA:1435,113,1,0
BRDA:1435,113,2,0
BRDA:1458,114,0,0
BRDA:1458,114,1,0
BRDA:1458,114,2,0
BRDA:1458,114,3,0
BRDA:1513,115,0,0
BRDA:1513,115,1,0
BRDA:1513,115,2,0
BRDA:1542,116,0,0
BRDA:1542,116,1,0
BRDA:1562,117,0,0
BRDA:1562,117,1,0
BRDA:1584,118,0,0
BRDA:1584,118,1,0
BRDA:1585,119,0,0
BRDA:1585,119,1,0
BRDA:1615,120,0,0
BRDA:1615,120,1,0
BRDA:1615,120,2,0
BRDA:1615,120,3,0
BRDA:1646,121,0,0
BRDA:1646,121,1,0
BRDA:1646,121,2,0
BRDA:1674,122,0,0
BRDA:1674,122,1,0
BRDA:1706,123,0,0
BRDA:1706,123,1,0
BRF:308
BRH:0
end_of_record
TN:
SF:vendor/symfony/error-handler/Resources/assets/js/exception.js
FN:4,(anonymous_0)
FN:8,(anonymous_1)
FN:9,(anonymous_2)
FN:10,(anonymous_3)
FN:11,(anonymous_4)
FN:13,(anonymous_5)
FN:14,(anonymous_6)
FN:15,(anonymous_7)
FN:16,(anonymous_8)
FN:23,(anonymous_9)
FN:27,(anonymous_10)
FN:35,(anonymous_11)
FN:78,(anonymous_12)
FN:105,(anonymous_13)
FN:122,(anonymous_14)
FN:163,(anonymous_15)
FN:172,(anonymous_16)
FN:173,(anonymous_17)
FN:192,(anonymous_18)
FN:212,(anonymous_19)
FN:214,(anonymous_20)
FN:224,(anonymous_21)
FN:237,(anonymous_22)
FN:257,(anonymous_23)
FN:273,(anonymous_24)
FNF:25
FNH:0
FNDA:0,(anonymous_0)
FNDA:0,(anonymous_1)
FNDA:0,(anonymous_2)
FNDA:0,(anonymous_3)
FNDA:0,(anonymous_4)
FNDA:0,(anonymous_5)
FNDA:0,(anonymous_6)
FNDA:0,(anonymous_7)
FNDA:0,(anonymous_8)
FNDA:0,(anonymous_9)
FNDA:0,(anonymous_10)
FNDA:0,(anonymous_11)
FNDA:0,(anonymous_12)
FNDA:0,(anonymous_13)
FNDA:0,(anonymous_14)
FNDA:0,(anonymous_15)
FNDA:0,(anonymous_16)
FNDA:0,(anonymous_17)
FNDA:0,(anonymous_18)
FNDA:0,(anonymous_19)
FNDA:0,(anonymous_20)
FNDA:0,(anonymous_21)
FNDA:0,(anonymous_22)
FNDA:0,(anonymous_23)
FNDA:0,(anonymous_24)
DA:4,0
DA:7,0
DA:8,0
DA:9,0
DA:10,0
DA:11,0
DA:13,0
DA:14,0
DA:15,0
DA:16,0
DA:21,0
DA:22,0
DA:23,0
DA:24,0
DA:27,0
DA:28,0
DA:32,0
DA:36,0
DA:39,0
DA:40,0
DA:41,0
DA:42,0
DA:44,0
DA:45,0
DA:46,0
DA:47,0
DA:49,0
DA:50,0
DA:51,0
DA:52,0
DA:53,0
DA:54,0
DA:56,0
DA:57,0
DA:60,0
DA:61,0
DA:65,0
DA:66,0
DA:68,0
DA:69,0
DA:70,0
DA:72,0
DA:73,0
DA:75,0
DA:78,0
DA:79,0
DA:83,0
DA:84,0
DA:88,0
DA:89,0
DA:90,0
DA:91,0
DA:92,0
DA:95,0
DA:96,0
DA:97,0
DA:101,0
DA:106,0
DA:108,0
DA:109,0
DA:110,0
DA:112,0
DA:114,0
DA:115,0
DA:116,0
DA:118,0
DA:119,0
DA:122,0
DA:123,0
DA:125,0
DA:127,0
DA:130,0
DA:134,0
DA:135,0
DA:138,0
DA:140,0
DA:141,0
DA:142,0
DA:143,0
DA:146,0
DA:147,0
DA:150,0
DA:151,0
DA:154,0
DA:155,0
DA:156,0
DA:157,0
DA:161,0
DA:162,0
DA:163,0
DA:164,0
DA:168,0
DA:173,0
DA:174,0
DA:175,0
DA:176,0
DA:177,0
DA:178,0
DA:179,0
DA:180,0
DA:181,0
DA:182,0
DA:183,0
DA:184,0
DA:185,0
DA:186,0
DA:187,0
DA:188,0
DA:190,0
DA:191,0
DA:192,0
DA:193,0
DA:194,0
DA:196,0
DA:197,0
DA:199,0
DA:200,0
DA:201,0
DA:203,0
DA:204,0
DA:206,0
DA:208,0
DA:209,0
DA:210,0
DA:211,0
DA:212,0
DA:213,0
DA:214,0
DA:215,0
DA:216,0
DA:219,0
DA:220,0
DA:221,0
DA:222,0
DA:224,0
DA:225,0
DA:226,0
DA:227,0
DA:228,0
DA:230,0
DA:233,0
DA:234,0
DA:237,0
DA:238,0
DA:239,0
DA:241,0
DA:246,0
DA:247,0
DA:248,0
DA:249,0
DA:250,0
DA:251,0
DA:254,0
DA:255,0
DA:257,0
DA:258,0
DA:261,0
DA:264,0
DA:265,0
DA:266,0
DA:273,0
DA:274,0
DA:275,0
DA:276,0
LF:164
LH:0
BRDA:7,0,0,0
BRDA:7,0,1,0
BRDA:15,1,0,0
BRDA:15,1,1,0
BRDA:16,2,0,0
BRDA:16,2,1,0
BRDA:22,3,0,0
BRDA:22,3,1,0
BRDA:51,4,0,0
BRDA:51,4,1,0
BRDA:52,5,0,0
BRDA:52,5,1,0
BRDA:72,6,0,0
BRDA:72,6,1,0
BRDA:79,7,0,0
BRDA:79,7,1,0
BRDA:114,8,0,0
BRDA:114,8,1,0
BRDA:114,9,0,0
BRDA:114,9,1,0
BRDA:125,10,0,0
BRDA:125,10,1,0
BRDA:130,11,0,0
BRDA:130,11,1,0
BRDA:146,12,0,0
BRDA:146,12,1,0
BRDA:150,13,0,0
BRDA:150,13,1,0
BRDA:157,14,0,0
BRDA:157,14,1,0
BRDA:179,15,0,0
BRDA:179,15,1,0
BRDA:184,16,0,0
BRDA:184,16,1,0
BRDA:193,17,0,0
BRDA:193,17,1,0
BRDA:196,18,0,0
BRDA:196,18,1,0
BRDA:200,19,0,0
BRDA:200,19,1,0
BRDA:203,20,0,0
BRDA:203,20,1,0
BRDA:209,21,0,0
BRDA:209,21,1,0
BRDA:213,22,0,0
BRDA:213,22,1,0
BRDA:215,23,0,0
BRDA:215,23,1,0
BRDA:220,24,0,0
BRDA:220,24,1,0
BRDA:221,25,0,0
BRDA:221,25,1,0
BRDA:225,26,0,0
BRDA:225,26,1,0
BRDA:227,27,0,0
BRDA:227,27,1,0
BRDA:238,28,0,0
BRDA:238,28,1,0
BRDA:246,29,0,0
BRDA:246,29,1,0
BRDA:247,30,0,0
BRDA:247,30,1,0
BRDA:248,31,0,0
BRDA:248,31,1,0
BRDA:250,32,0,0
BRDA:250,32,1,0
BRDA:250,33,0,0
BRDA:250,33,1,0
BRDA:254,34,0,0
BRDA:254,34,1,0
BRDA:264,35,0,0
BRDA:264,35,1,0
BRF:72
BRH:0
end_of_record
TN:
SF:vendor/symfony/var-dumper/Resources/js/htmlDescriptor.js
FN:1,(anonymous_0)
FN:3,(anonymous_1)
FNF:2
FNH:0
FNDA:0,(anonymous_0)
FNDA:0,(anonymous_1)
DA:1,0
DA:2,0
DA:3,0
DA:4,0
DA:5,0
DA:6,0
DA:8,0
LF:7
LH:0
BRDA:5,0,0,0
BRDA:5,0,1,0
BRF:2
BRH:0
end_of_record
